{"C:\\Users\\minel\\Desktop\\list-native\\src\\components\\add-sub-task\\addSubTask.tsx": {"path":"C:\\Users\\minel\\Desktop\\list-native\\src\\components\\add-sub-task\\addSubTask.tsx","statementMap":{"0":{"start":{"line":14,"column":28},"end":{"line":14,"column":40}},"1":{"start":{"line":16,"column":20},"end":{"line":26,"column":3}},"2":{"start":{"line":17,"column":4},"end":{"line":17,"column":30}},"3":{"start":{"line":17,"column":23},"end":{"line":17,"column":30}},"4":{"start":{"line":19,"column":32},"end":{"line":22,"column":5}},"5":{"start":{"line":24,"column":4},"end":{"line":24,"column":29}},"6":{"start":{"line":25,"column":4},"end":{"line":25,"column":17}},"7":{"start":{"line":28,"column":2},"end":{"line":55,"column":4}}},"fnMap":{"0":{"name":"AddSubtaskInput","decl":{"start":{"line":13,"column":16},"end":{"line":13,"column":31}},"loc":{"start":{"line":13,"column":57},"end":{"line":56,"column":1}},"line":13},"1":{"name":"(anonymous_1)","decl":{"start":{"line":16,"column":20},"end":{"line":16,"column":21}},"loc":{"start":{"line":16,"column":26},"end":{"line":26,"column":3}},"line":16}},"branchMap":{"0":{"loc":{"start":{"line":17,"column":4},"end":{"line":17,"column":30}},"type":"if","locations":[{"start":{"line":17,"column":4},"end":{"line":17,"column":30}},{"start":{},"end":{}}],"line":17}},"s":{"0":10,"1":10,"2":0,"3":0,"4":0,"5":0,"6":0,"7":10},"f":{"0":10,"1":0},"b":{"0":[0,0]},"_coverageSchema":"1a1c01bbd47fc00a2c39e90264f33305004495a9","hash":"90569763ab675f84931f8e0c18fa4a098f6a6181"}
,"C:\\Users\\minel\\Desktop\\list-native\\src\\components\\button\\button.tsx": {"path":"C:\\Users\\minel\\Desktop\\list-native\\src\\components\\button\\button.tsx","statementMap":{"0":{"start":{"line":12,"column":2},"end":{"line":16,"column":4}}},"fnMap":{"0":{"name":"ButtonSis","decl":{"start":{"line":11,"column":24},"end":{"line":11,"column":33}},"loc":{"start":{"line":11,"column":72},"end":{"line":17,"column":1}},"line":11}},"branchMap":{},"s":{"0":11},"f":{"0":11},"b":{},"_coverageSchema":"1a1c01bbd47fc00a2c39e90264f33305004495a9","hash":"73237fa701e15dba2c4d27feb733c1f45cda4edf"}
,"C:\\Users\\minel\\Desktop\\list-native\\src\\components\\button\\style.ts": {"path":"C:\\Users\\minel\\Desktop\\list-native\\src\\components\\button\\style.ts","statementMap":{"0":{"start":{"line":3,"column":21},"end":{"line":19,"column":2}}},"fnMap":{},"branchMap":{},"s":{"0":2},"f":{},"b":{},"_coverageSchema":"1a1c01bbd47fc00a2c39e90264f33305004495a9","hash":"9e5d10a44903b1a267860e063ed4773ff1f86ccf"}
,"C:\\Users\\minel\\Desktop\\list-native\\src\\components\\card-todo\\cardTodo.tsx": {"path":"C:\\Users\\minel\\Desktop\\list-native\\src\\components\\card-todo\\cardTodo.tsx","statementMap":{"0":{"start":{"line":41,"column":32},"end":{"line":41,"column":50}},"1":{"start":{"line":42,"column":46},"end":{"line":42,"column":61}},"2":{"start":{"line":43,"column":40},"end":{"line":43,"column":69}},"3":{"start":{"line":45,"column":22},"end":{"line":45,"column":38}},"4":{"start":{"line":47,"column":19},"end":{"line":52,"column":4}},"5":{"start":{"line":48,"column":39},"end":{"line":48,"column":70}},"6":{"start":{"line":50,"column":6},"end":{"line":50,"column":60}},"7":{"start":{"line":54,"column":24},"end":{"line":58,"column":3}},"8":{"start":{"line":55,"column":23},"end":{"line":55,"column":31}},"9":{"start":{"line":56,"column":4},"end":{"line":56,"column":27}},"10":{"start":{"line":57,"column":4},"end":{"line":57,"column":32}},"11":{"start":{"line":59,"column":22},"end":{"line":59,"column":62}},"12":{"start":{"line":59,"column":28},"end":{"line":59,"column":62}},"13":{"start":{"line":59,"column":56},"end":{"line":59,"column":61}},"14":{"start":{"line":69,"column":30},"end":{"line":74,"column":4}},"15":{"start":{"line":70,"column":22},"end":{"line":70,"column":36}},"16":{"start":{"line":72,"column":6},"end":{"line":72,"column":57}},"17":{"start":{"line":76,"column":27},"end":{"line":78,"column":3}},"18":{"start":{"line":77,"column":4},"end":{"line":77,"column":12}},"19":{"start":{"line":80,"column":25},"end":{"line":91,"column":3}},"20":{"start":{"line":81,"column":4},"end":{"line":90,"column":5}},"21":{"start":{"line":83,"column":8},"end":{"line":83,"column":25}},"22":{"start":{"line":85,"column":8},"end":{"line":85,"column":25}},"23":{"start":{"line":87,"column":8},"end":{"line":87,"column":25}},"24":{"start":{"line":89,"column":8},"end":{"line":89,"column":22}},"25":{"start":{"line":93,"column":2},"end":{"line":146,"column":4}}},"fnMap":{"0":{"name":"CardTodo","decl":{"start":{"line":33,"column":24},"end":{"line":33,"column":32}},"loc":{"start":{"line":40,"column":18},"end":{"line":147,"column":1}},"line":40},"1":{"name":"(anonymous_1)","decl":{"start":{"line":48,"column":16},"end":{"line":48,"column":17}},"loc":{"start":{"line":48,"column":39},"end":{"line":48,"column":70}},"line":48},"2":{"name":"(anonymous_2)","decl":{"start":{"line":49,"column":15},"end":{"line":49,"column":16}},"loc":{"start":{"line":49,"column":21},"end":{"line":51,"column":5}},"line":49},"3":{"name":"(anonymous_3)","decl":{"start":{"line":54,"column":24},"end":{"line":54,"column":25}},"loc":{"start":{"line":54,"column":30},"end":{"line":58,"column":3}},"line":54},"4":{"name":"(anonymous_4)","decl":{"start":{"line":59,"column":22},"end":{"line":59,"column":23}},"loc":{"start":{"line":59,"column":28},"end":{"line":59,"column":62}},"line":59},"5":{"name":"(anonymous_5)","decl":{"start":{"line":59,"column":46},"end":{"line":59,"column":47}},"loc":{"start":{"line":59,"column":56},"end":{"line":59,"column":61}},"line":59},"6":{"name":"(anonymous_6)","decl":{"start":{"line":70,"column":16},"end":{"line":70,"column":17}},"loc":{"start":{"line":70,"column":22},"end":{"line":70,"column":36}},"line":70},"7":{"name":"(anonymous_7)","decl":{"start":{"line":71,"column":15},"end":{"line":71,"column":16}},"loc":{"start":{"line":71,"column":21},"end":{"line":73,"column":5}},"line":71},"8":{"name":"(anonymous_8)","decl":{"start":{"line":76,"column":27},"end":{"line":76,"column":28}},"loc":{"start":{"line":76,"column":37},"end":{"line":78,"column":3}},"line":76},"9":{"name":"(anonymous_9)","decl":{"start":{"line":80,"column":25},"end":{"line":80,"column":26}},"loc":{"start":{"line":80,"column":31},"end":{"line":91,"column":3}},"line":80}},"branchMap":{"0":{"loc":{"start":{"line":37,"column":2},"end":{"line":37,"column":15}},"type":"default-arg","locations":[{"start":{"line":37,"column":13},"end":{"line":37,"column":15}}],"line":37},"1":{"loc":{"start":{"line":81,"column":4},"end":{"line":90,"column":5}},"type":"switch","locations":[{"start":{"line":82,"column":6},"end":{"line":83,"column":25}},{"start":{"line":84,"column":6},"end":{"line":85,"column":25}},{"start":{"line":86,"column":6},"end":{"line":87,"column":25}},{"start":{"line":88,"column":6},"end":{"line":89,"column":22}}],"line":81},"2":{"loc":{"start":{"line":96,"column":41},"end":{"line":96,"column":58}},"type":"cond-expr","locations":[{"start":{"line":96,"column":51},"end":{"line":96,"column":54}},{"start":{"line":96,"column":57},"end":{"line":96,"column":58}}],"line":96},"3":{"loc":{"start":{"line":102,"column":26},"end":{"line":102,"column":74}},"type":"cond-expr","locations":[{"start":{"line":102,"column":36},"end":{"line":102,"column":54}},{"start":{"line":102,"column":57},"end":{"line":102,"column":74}}],"line":102},"4":{"loc":{"start":{"line":104,"column":27},"end":{"line":104,"column":55}},"type":"cond-expr","locations":[{"start":{"line":104,"column":37},"end":{"line":104,"column":46}},{"start":{"line":104,"column":49},"end":{"line":104,"column":55}}],"line":104},"5":{"loc":{"start":{"line":109,"column":40},"end":{"line":109,"column":73}},"type":"cond-expr","locations":[{"start":{"line":109,"column":50},"end":{"line":109,"column":64}},{"start":{"line":109,"column":67},"end":{"line":109,"column":73}}],"line":109},"6":{"loc":{"start":{"line":122,"column":41},"end":{"line":122,"column":74}},"type":"cond-expr","locations":[{"start":{"line":122,"column":51},"end":{"line":122,"column":65}},{"start":{"line":122,"column":68},"end":{"line":122,"column":74}}],"line":122},"7":{"loc":{"start":{"line":128,"column":13},"end":{"line":132,"column":13}},"type":"binary-expr","locations":[{"start":{"line":128,"column":13},"end":{"line":128,"column":19}},{"start":{"line":129,"column":14},"end":{"line":131,"column":21}}],"line":128}},"s":{"0":16,"1":16,"2":16,"3":16,"4":16,"5":1,"6":1,"7":16,"8":1,"9":1,"10":1,"11":16,"12":1,"13":1,"14":16,"15":1,"16":1,"17":16,"18":1,"19":16,"20":16,"21":4,"22":12,"23":0,"24":0,"25":16},"f":{"0":16,"1":1,"2":1,"3":1,"4":1,"5":1,"6":1,"7":1,"8":1,"9":16},"b":{"0":[0],"1":[4,12,0,0],"2":[2,14],"3":[2,14],"4":[2,14],"5":[2,14],"6":[2,14],"7":[16,16]},"_coverageSchema":"1a1c01bbd47fc00a2c39e90264f33305004495a9","hash":"3d706661741639b3fe66f2161cfe04e8c19a2668"}
,"C:\\Users\\minel\\Desktop\\list-native\\src\\components\\card-todo\\styles.ts": {"path":"C:\\Users\\minel\\Desktop\\list-native\\src\\components\\card-todo\\styles.ts","statementMap":{"0":{"start":{"line":3,"column":29},"end":{"line":8,"column":1}},"1":{"start":{"line":10,"column":26},"end":{"line":14,"column":1}},"2":{"start":{"line":16,"column":28},"end":{"line":20,"column":1}},"3":{"start":{"line":22,"column":27},"end":{"line":24,"column":1}},"4":{"start":{"line":26,"column":21},"end":{"line":29,"column":1}},"5":{"start":{"line":31,"column":27},"end":{"line":36,"column":1}},"6":{"start":{"line":38,"column":30},"end":{"line":41,"column":1}},"7":{"start":{"line":43,"column":20},"end":{"line":49,"column":1}},"8":{"start":{"line":51,"column":25},"end":{"line":53,"column":1}}},"fnMap":{},"branchMap":{},"s":{"0":2,"1":2,"2":2,"3":2,"4":2,"5":2,"6":2,"7":2,"8":2},"f":{},"b":{},"_coverageSchema":"1a1c01bbd47fc00a2c39e90264f33305004495a9","hash":"b1227b61177478a9183ba5ab8c80d37edfb06f74"}
,"C:\\Users\\minel\\Desktop\\list-native\\src\\components\\footer\\Footer.tsx": {"path":"C:\\Users\\minel\\Desktop\\list-native\\src\\components\\footer\\Footer.tsx","statementMap":{"0":{"start":{"line":8,"column":22},"end":{"line":8,"column":45}},"1":{"start":{"line":9,"column":42},"end":{"line":9,"column":57}},"2":{"start":{"line":12,"column":4},"end":{"line":12,"column":37}},"3":{"start":{"line":12,"column":30},"end":{"line":12,"column":35}},"4":{"start":{"line":22,"column":4},"end":{"line":22,"column":18}},"5":{"start":{"line":23,"column":4},"end":{"line":23,"column":44}},"6":{"start":{"line":26,"column":2},"end":{"line":37,"column":4}}},"fnMap":{"0":{"name":"Footer","decl":{"start":{"line":7,"column":24},"end":{"line":7,"column":30}},"loc":{"start":{"line":7,"column":33},"end":{"line":38,"column":1}},"line":7},"1":{"name":"toggleModal","decl":{"start":{"line":11,"column":11},"end":{"line":11,"column":22}},"loc":{"start":{"line":11,"column":25},"end":{"line":13,"column":3}},"line":11},"2":{"name":"(anonymous_2)","decl":{"start":{"line":12,"column":20},"end":{"line":12,"column":21}},"loc":{"start":{"line":12,"column":30},"end":{"line":12,"column":35}},"line":12},"3":{"name":"handleSubmit","decl":{"start":{"line":15,"column":11},"end":{"line":15,"column":23}},"loc":{"start":{"line":21,"column":5},"end":{"line":24,"column":3}},"line":21}},"branchMap":{},"s":{"0":6,"1":6,"2":0,"3":0,"4":0,"5":0,"6":6},"f":{"0":6,"1":0,"2":0,"3":0},"b":{},"_coverageSchema":"1a1c01bbd47fc00a2c39e90264f33305004495a9","hash":"15dce9c0329408c595fe93f13b01c701a7cf9bb7"}
,"C:\\Users\\minel\\Desktop\\list-native\\src\\components\\footer\\style.ts": {"path":"C:\\Users\\minel\\Desktop\\list-native\\src\\components\\footer\\style.ts","statementMap":{"0":{"start":{"line":4,"column":31},"end":{"line":7,"column":1}},"1":{"start":{"line":9,"column":21},"end":{"line":42,"column":2}}},"fnMap":{},"branchMap":{},"s":{"0":1,"1":1},"f":{},"b":{},"_coverageSchema":"1a1c01bbd47fc00a2c39e90264f33305004495a9","hash":"df770c947192fda1b4c503d0de6d21383930f500"}
,"C:\\Users\\minel\\Desktop\\list-native\\src\\components\\header\\header.tsx": {"path":"C:\\Users\\minel\\Desktop\\list-native\\src\\components\\header\\header.tsx","statementMap":{"0":{"start":{"line":25,"column":21},"end":{"line":25,"column":83}},"1":{"start":{"line":27,"column":15},"end":{"line":27,"column":65}},"2":{"start":{"line":27,"column":49},"end":{"line":27,"column":64}},"3":{"start":{"line":29,"column":2},"end":{"line":51,"column":4}},"4":{"start":{"line":32,"column":41},"end":{"line":32,"column":71}}},"fnMap":{"0":{"name":"Header","decl":{"start":{"line":24,"column":16},"end":{"line":24,"column":22}},"loc":{"start":{"line":24,"column":50},"end":{"line":52,"column":1}},"line":24},"1":{"name":"(anonymous_1)","decl":{"start":{"line":27,"column":27},"end":{"line":27,"column":28}},"loc":{"start":{"line":27,"column":49},"end":{"line":27,"column":64}},"line":27},"2":{"name":"(anonymous_2)","decl":{"start":{"line":32,"column":35},"end":{"line":32,"column":36}},"loc":{"start":{"line":32,"column":41},"end":{"line":32,"column":71}},"line":32}},"branchMap":{},"s":{"0":6,"1":6,"2":0,"3":6,"4":0},"f":{"0":6,"1":0,"2":0},"b":{},"_coverageSchema":"1a1c01bbd47fc00a2c39e90264f33305004495a9","hash":"5d0c54b720a6a4245e9fc6605eb2308a24e5beb3"}
,"C:\\Users\\minel\\Desktop\\list-native\\src\\components\\header\\style.ts": {"path":"C:\\Users\\minel\\Desktop\\list-native\\src\\components\\header\\style.ts","statementMap":{"0":{"start":{"line":4,"column":31},"end":{"line":10,"column":1}},"1":{"start":{"line":12,"column":25},"end":{"line":16,"column":1}},"2":{"start":{"line":18,"column":32},"end":{"line":24,"column":1}},"3":{"start":{"line":26,"column":27},"end":{"line":30,"column":1}},"4":{"start":{"line":31,"column":28},"end":{"line":35,"column":1}}},"fnMap":{},"branchMap":{},"s":{"0":1,"1":1,"2":1,"3":1,"4":1},"f":{},"b":{},"_coverageSchema":"1a1c01bbd47fc00a2c39e90264f33305004495a9","hash":"ce98ec95b7f329f0e4b5f99a63e8a5685db36e2e"}
,"C:\\Users\\minel\\Desktop\\list-native\\src\\components\\input-search\\InputSearch.tsx": {"path":"C:\\Users\\minel\\Desktop\\list-native\\src\\components\\input-search\\InputSearch.tsx","statementMap":{"0":{"start":{"line":11,"column":38},"end":{"line":11,"column":50}},"1":{"start":{"line":13,"column":23},"end":{"line":16,"column":3}},"2":{"start":{"line":14,"column":4},"end":{"line":14,"column":24}},"3":{"start":{"line":15,"column":4},"end":{"line":15,"column":19}},"4":{"start":{"line":18,"column":2},"end":{"line":28,"column":4}}},"fnMap":{"0":{"name":"InputSearch","decl":{"start":{"line":10,"column":16},"end":{"line":10,"column":27}},"loc":{"start":{"line":10,"column":49},"end":{"line":29,"column":1}},"line":10},"1":{"name":"(anonymous_1)","decl":{"start":{"line":13,"column":23},"end":{"line":13,"column":24}},"loc":{"start":{"line":13,"column":41},"end":{"line":16,"column":3}},"line":13}},"branchMap":{},"s":{"0":6,"1":6,"2":0,"3":0,"4":6},"f":{"0":6,"1":0},"b":{},"_coverageSchema":"1a1c01bbd47fc00a2c39e90264f33305004495a9","hash":"19cf0412510250dbe9ff06e6aca1100f6f8d9009"}
,"C:\\Users\\minel\\Desktop\\list-native\\src\\components\\input-search\\styles.ts": {"path":"C:\\Users\\minel\\Desktop\\list-native\\src\\components\\input-search\\styles.ts","statementMap":{"0":{"start":{"line":3,"column":33},"end":{"line":5,"column":1}},"1":{"start":{"line":6,"column":25},"end":{"line":13,"column":1}}},"fnMap":{},"branchMap":{},"s":{"0":1,"1":1},"f":{},"b":{},"_coverageSchema":"1a1c01bbd47fc00a2c39e90264f33305004495a9","hash":"60055dba1f0343ff4eced96ca361d0cc91e48288"}
,"C:\\Users\\minel\\Desktop\\list-native\\src\\components\\modal\\create-task-modal.tsx": {"path":"C:\\Users\\minel\\Desktop\\list-native\\src\\components\\modal\\create-task-modal.tsx","statementMap":{"0":{"start":{"line":36,"column":30},"end":{"line":41,"column":2}},"1":{"start":{"line":54,"column":22},"end":{"line":54,"column":38}},"2":{"start":{"line":55,"column":15},"end":{"line":55,"column":65}},"3":{"start":{"line":55,"column":49},"end":{"line":55,"column":64}},"4":{"start":{"line":62,"column":6},"end":{"line":64,"column":4}},"5":{"start":{"line":66,"column":37},"end":{"line":69,"column":4}},"6":{"start":{"line":71,"column":42},"end":{"line":71,"column":54}},"7":{"start":{"line":73,"column":21},"end":{"line":78,"column":3}},"8":{"start":{"line":74,"column":4},"end":{"line":77,"column":5}},"9":{"start":{"line":75,"column":6},"end":{"line":75,"column":45}},"10":{"start":{"line":76,"column":6},"end":{"line":76,"column":26}},"11":{"start":{"line":80,"column":32},"end":{"line":86,"column":4}},"12":{"start":{"line":84,"column":4},"end":{"line":84,"column":70}},"13":{"start":{"line":88,"column":21},"end":{"line":103,"column":3}},"14":{"start":{"line":89,"column":20},"end":{"line":93,"column":5}},"15":{"start":{"line":95,"column":4},"end":{"line":102,"column":7}},"16":{"start":{"line":97,"column":8},"end":{"line":97,"column":62}},"17":{"start":{"line":98,"column":8},"end":{"line":98,"column":16}},"18":{"start":{"line":99,"column":8},"end":{"line":99,"column":49}},"19":{"start":{"line":100,"column":8},"end":{"line":100,"column":18}},"20":{"start":{"line":105,"column":2},"end":{"line":207,"column":4}},"21":{"start":{"line":120,"column":14},"end":{"line":127,"column":17}},"22":{"start":{"line":135,"column":14},"end":{"line":145,"column":17}},"23":{"start":{"line":154,"column":14},"end":{"line":166,"column":17}},"24":{"start":{"line":185,"column":43},"end":{"line":185,"column":64}},"25":{"start":{"line":187,"column":14},"end":{"line":192,"column":28}},"26":{"start":{"line":189,"column":49},"end":{"line":189,"column":62}}},"fnMap":{"0":{"name":"CreateTaskModal","decl":{"start":{"line":50,"column":24},"end":{"line":50,"column":39}},"loc":{"start":{"line":53,"column":25},"end":{"line":208,"column":1}},"line":53},"1":{"name":"(anonymous_1)","decl":{"start":{"line":55,"column":27},"end":{"line":55,"column":28}},"loc":{"start":{"line":55,"column":49},"end":{"line":55,"column":64}},"line":55},"2":{"name":"(anonymous_2)","decl":{"start":{"line":73,"column":21},"end":{"line":73,"column":22}},"loc":{"start":{"line":73,"column":27},"end":{"line":78,"column":3}},"line":73},"3":{"name":"(anonymous_3)","decl":{"start":{"line":83,"column":14},"end":{"line":83,"column":15}},"loc":{"start":{"line":83,"column":30},"end":{"line":85,"column":3}},"line":83},"4":{"name":"(anonymous_4)","decl":{"start":{"line":88,"column":21},"end":{"line":88,"column":22}},"loc":{"start":{"line":88,"column":53},"end":{"line":103,"column":3}},"line":88},"5":{"name":"(anonymous_5)","decl":{"start":{"line":96,"column":17},"end":{"line":96,"column":18}},"loc":{"start":{"line":96,"column":23},"end":{"line":101,"column":7}},"line":96},"6":{"name":"(anonymous_6)","decl":{"start":{"line":119,"column":20},"end":{"line":119,"column":21}},"loc":{"start":{"line":120,"column":14},"end":{"line":127,"column":17}},"line":120},"7":{"name":"(anonymous_7)","decl":{"start":{"line":134,"column":20},"end":{"line":134,"column":21}},"loc":{"start":{"line":135,"column":14},"end":{"line":145,"column":17}},"line":135},"8":{"name":"(anonymous_8)","decl":{"start":{"line":153,"column":20},"end":{"line":153,"column":21}},"loc":{"start":{"line":154,"column":14},"end":{"line":166,"column":17}},"line":154},"9":{"name":"(anonymous_9)","decl":{"start":{"line":185,"column":26},"end":{"line":185,"column":27}},"loc":{"start":{"line":185,"column":43},"end":{"line":185,"column":64}},"line":185},"10":{"name":"(anonymous_10)","decl":{"start":{"line":186,"column":24},"end":{"line":186,"column":25}},"loc":{"start":{"line":187,"column":14},"end":{"line":192,"column":28}},"line":187},"11":{"name":"(anonymous_11)","decl":{"start":{"line":189,"column":43},"end":{"line":189,"column":44}},"loc":{"start":{"line":189,"column":49},"end":{"line":189,"column":62}},"line":189}},"branchMap":{"0":{"loc":{"start":{"line":74,"column":4},"end":{"line":77,"column":5}},"type":"if","locations":[{"start":{"line":74,"column":4},"end":{"line":77,"column":5}},{"start":{},"end":{}}],"line":74},"1":{"loc":{"start":{"line":84,"column":24},"end":{"line":84,"column":68}},"type":"binary-expr","locations":[{"start":{"line":84,"column":24},"end":{"line":84,"column":38}},{"start":{"line":84,"column":42},"end":{"line":84,"column":68}}],"line":84},"2":{"loc":{"start":{"line":126,"column":17},"end":{"line":126,"column":78}},"type":"binary-expr","locations":[{"start":{"line":126,"column":17},"end":{"line":126,"column":29}},{"start":{"line":126,"column":33},"end":{"line":126,"column":78}}],"line":126},"3":{"loc":{"start":{"line":142,"column":17},"end":{"line":144,"column":17}},"type":"binary-expr","locations":[{"start":{"line":142,"column":17},"end":{"line":142,"column":35}},{"start":{"line":143,"column":18},"end":{"line":143,"column":69}}],"line":142},"4":{"loc":{"start":{"line":163,"column":17},"end":{"line":165,"column":17}},"type":"binary-expr","locations":[{"start":{"line":163,"column":17},"end":{"line":163,"column":30}},{"start":{"line":164,"column":18},"end":{"line":164,"column":64}}],"line":163},"5":{"loc":{"start":{"line":201,"column":27},"end":{"line":201,"column":63}},"type":"cond-expr","locations":[{"start":{"line":201,"column":39},"end":{"line":201,"column":52}},{"start":{"line":201,"column":55},"end":{"line":201,"column":63}}],"line":201}},"s":{"0":1,"1":9,"2":9,"3":0,"4":9,"5":9,"6":9,"7":9,"8":0,"9":0,"10":0,"11":9,"12":0,"13":9,"14":0,"15":0,"16":0,"17":0,"18":0,"19":0,"20":9,"21":0,"22":0,"23":0,"24":0,"25":0,"26":0},"f":{"0":9,"1":0,"2":0,"3":0,"4":0,"5":0,"6":0,"7":0,"8":0,"9":0,"10":0,"11":0},"b":{"0":[0,0],"1":[0,0],"2":[0,0],"3":[0,0],"4":[0,0],"5":[0,9]},"_coverageSchema":"1a1c01bbd47fc00a2c39e90264f33305004495a9","hash":"93a08ffa59e0c0f2c3ca0e33e769d4910ec1a235"}
,"C:\\Users\\minel\\Desktop\\list-native\\src\\components\\modal\\styles.ts": {"path":"C:\\Users\\minel\\Desktop\\list-native\\src\\components\\modal\\styles.ts","statementMap":{"0":{"start":{"line":3,"column":34},"end":{"line":5,"column":1}},"1":{"start":{"line":7,"column":26},"end":{"line":13,"column":1}},"2":{"start":{"line":15,"column":36},"end":{"line":20,"column":1}},"3":{"start":{"line":22,"column":26},"end":{"line":27,"column":1}},"4":{"start":{"line":29,"column":25},"end":{"line":35,"column":1}},"5":{"start":{"line":37,"column":21},"end":{"line":42,"column":1}},"6":{"start":{"line":44,"column":21},"end":{"line":50,"column":1}},"7":{"start":{"line":52,"column":24},"end":{"line":54,"column":1}},"8":{"start":{"line":56,"column":29},"end":{"line":61,"column":1}},"9":{"start":{"line":63,"column":19},"end":{"line":66,"column":1}},"10":{"start":{"line":68,"column":28},"end":{"line":72,"column":1}},"11":{"start":{"line":74,"column":28},"end":{"line":78,"column":1}},"12":{"start":{"line":80,"column":25},"end":{"line":84,"column":1}},"13":{"start":{"line":86,"column":26},"end":{"line":89,"column":1}},"14":{"start":{"line":91,"column":25},"end":{"line":94,"column":1}},"15":{"start":{"line":96,"column":28},"end":{"line":99,"column":1}},"16":{"start":{"line":101,"column":27},"end":{"line":108,"column":1}},"17":{"start":{"line":110,"column":28},"end":{"line":110,"column":41}}},"fnMap":{},"branchMap":{},"s":{"0":2,"1":2,"2":2,"3":2,"4":2,"5":2,"6":2,"7":2,"8":2,"9":2,"10":2,"11":2,"12":2,"13":2,"14":2,"15":2,"16":2,"17":2},"f":{},"b":{},"_coverageSchema":"1a1c01bbd47fc00a2c39e90264f33305004495a9","hash":"e5e9d3f8b9b8370769e016f50e9cae0046f441ee"}
,"C:\\Users\\minel\\Desktop\\list-native\\src\\components\\modal\\task-modal.tsx": {"path":"C:\\Users\\minel\\Desktop\\list-native\\src\\components\\modal\\task-modal.tsx","statementMap":{"0":{"start":{"line":38,"column":22},"end":{"line":41,"column":2}},"1":{"start":{"line":43,"column":29},"end":{"line":48,"column":2}},"2":{"start":{"line":61,"column":36},"end":{"line":63,"column":3}},"3":{"start":{"line":64,"column":50},"end":{"line":64,"column":79}},"4":{"start":{"line":65,"column":44},"end":{"line":65,"column":73}},"5":{"start":{"line":67,"column":50},"end":{"line":70,"column":4}},"6":{"start":{"line":72,"column":22},"end":{"line":72,"column":38}},"7":{"start":{"line":74,"column":2},"end":{"line":77,"column":45}},"8":{"start":{"line":75,"column":4},"end":{"line":75,"column":52}},"9":{"start":{"line":76,"column":4},"end":{"line":76,"column":31}},"10":{"start":{"line":79,"column":32},"end":{"line":87,"column":4}},"11":{"start":{"line":80,"column":46},"end":{"line":80,"column":66}},"12":{"start":{"line":82,"column":6},"end":{"line":82,"column":60}},"13":{"start":{"line":85,"column":6},"end":{"line":85,"column":72}},"14":{"start":{"line":89,"column":23},"end":{"line":94,"column":3}},"15":{"start":{"line":90,"column":23},"end":{"line":90,"column":30}},"16":{"start":{"line":91,"column":4},"end":{"line":91,"column":55}},"17":{"start":{"line":92,"column":4},"end":{"line":92,"column":23}},"18":{"start":{"line":93,"column":4},"end":{"line":93,"column":30}},"19":{"start":{"line":96,"column":30},"end":{"line":103,"column":3}},"20":{"start":{"line":97,"column":20},"end":{"line":97,"column":38}},"21":{"start":{"line":98,"column":4},"end":{"line":98,"column":55}},"22":{"start":{"line":99,"column":4},"end":{"line":99,"column":30}},"23":{"start":{"line":101,"column":23},"end":{"line":101,"column":30}},"24":{"start":{"line":102,"column":4},"end":{"line":102,"column":49}},"25":{"start":{"line":105,"column":25},"end":{"line":116,"column":3}},"26":{"start":{"line":106,"column":4},"end":{"line":115,"column":5}},"27":{"start":{"line":108,"column":8},"end":{"line":108,"column":25}},"28":{"start":{"line":110,"column":8},"end":{"line":110,"column":25}},"29":{"start":{"line":112,"column":8},"end":{"line":112,"column":25}},"30":{"start":{"line":114,"column":8},"end":{"line":114,"column":22}},"31":{"start":{"line":118,"column":2},"end":{"line":374,"column":4}},"32":{"start":{"line":135,"column":22},"end":{"line":145,"column":24}},"33":{"start":{"line":163,"column":49},"end":{"line":163,"column":70}},"34":{"start":{"line":183,"column":22},"end":{"line":193,"column":24}},"35":{"start":{"line":211,"column":49},"end":{"line":211,"column":76}},"36":{"start":{"line":225,"column":22},"end":{"line":239,"column":29}},"37":{"start":{"line":256,"column":49},"end":{"line":256,"column":71}},"38":{"start":{"line":276,"column":14},"end":{"line":335,"column":26}},"39":{"start":{"line":278,"column":33},"end":{"line":278,"column":59}},"40":{"start":{"line":296,"column":42},"end":{"line":296,"column":60}},"41":{"start":{"line":297,"column":26},"end":{"line":297,"column":54}},"42":{"start":{"line":298,"column":26},"end":{"line":298,"column":52}},"43":{"start":{"line":318,"column":37},"end":{"line":318,"column":63}},"44":{"start":{"line":346,"column":32},"end":{"line":346,"column":62}},"45":{"start":{"line":347,"column":16},"end":{"line":347,"column":42}},"46":{"start":{"line":348,"column":16},"end":{"line":348,"column":58}}},"fnMap":{"0":{"name":"TaskModal","decl":{"start":{"line":52,"column":16},"end":{"line":52,"column":25}},"loc":{"start":{"line":60,"column":19},"end":{"line":375,"column":1}},"line":60},"1":{"name":"(anonymous_1)","decl":{"start":{"line":74,"column":12},"end":{"line":74,"column":13}},"loc":{"start":{"line":74,"column":18},"end":{"line":77,"column":3}},"line":74},"2":{"name":"(anonymous_2)","decl":{"start":{"line":80,"column":16},"end":{"line":80,"column":17}},"loc":{"start":{"line":80,"column":46},"end":{"line":80,"column":66}},"line":80},"3":{"name":"(anonymous_3)","decl":{"start":{"line":81,"column":15},"end":{"line":81,"column":16}},"loc":{"start":{"line":81,"column":21},"end":{"line":83,"column":5}},"line":81},"4":{"name":"(anonymous_4)","decl":{"start":{"line":84,"column":13},"end":{"line":84,"column":14}},"loc":{"start":{"line":84,"column":29},"end":{"line":86,"column":5}},"line":84},"5":{"name":"(anonymous_5)","decl":{"start":{"line":89,"column":23},"end":{"line":89,"column":24}},"loc":{"start":{"line":89,"column":29},"end":{"line":94,"column":3}},"line":89},"6":{"name":"(anonymous_6)","decl":{"start":{"line":96,"column":30},"end":{"line":96,"column":31}},"loc":{"start":{"line":96,"column":49},"end":{"line":103,"column":3}},"line":96},"7":{"name":"(anonymous_7)","decl":{"start":{"line":105,"column":25},"end":{"line":105,"column":26}},"loc":{"start":{"line":105,"column":31},"end":{"line":116,"column":3}},"line":105},"8":{"name":"(anonymous_8)","decl":{"start":{"line":134,"column":28},"end":{"line":134,"column":29}},"loc":{"start":{"line":135,"column":22},"end":{"line":145,"column":24}},"line":135},"9":{"name":"(anonymous_9)","decl":{"start":{"line":163,"column":43},"end":{"line":163,"column":44}},"loc":{"start":{"line":163,"column":49},"end":{"line":163,"column":70}},"line":163},"10":{"name":"(anonymous_10)","decl":{"start":{"line":182,"column":28},"end":{"line":182,"column":29}},"loc":{"start":{"line":183,"column":22},"end":{"line":193,"column":24}},"line":183},"11":{"name":"(anonymous_11)","decl":{"start":{"line":211,"column":43},"end":{"line":211,"column":44}},"loc":{"start":{"line":211,"column":49},"end":{"line":211,"column":76}},"line":211},"12":{"name":"(anonymous_12)","decl":{"start":{"line":224,"column":28},"end":{"line":224,"column":29}},"loc":{"start":{"line":225,"column":22},"end":{"line":239,"column":29}},"line":225},"13":{"name":"(anonymous_13)","decl":{"start":{"line":256,"column":43},"end":{"line":256,"column":44}},"loc":{"start":{"line":256,"column":49},"end":{"line":256,"column":71}},"line":256},"14":{"name":"(anonymous_14)","decl":{"start":{"line":275,"column":31},"end":{"line":275,"column":32}},"loc":{"start":{"line":276,"column":14},"end":{"line":335,"column":26}},"line":276},"15":{"name":"(anonymous_15)","decl":{"start":{"line":278,"column":27},"end":{"line":278,"column":28}},"loc":{"start":{"line":278,"column":33},"end":{"line":278,"column":59}},"line":278},"16":{"name":"(anonymous_16)","decl":{"start":{"line":295,"column":38},"end":{"line":295,"column":39}},"loc":{"start":{"line":295,"column":48},"end":{"line":299,"column":25}},"line":295},"17":{"name":"(anonymous_17)","decl":{"start":{"line":318,"column":31},"end":{"line":318,"column":32}},"loc":{"start":{"line":318,"column":37},"end":{"line":318,"column":63}},"line":318},"18":{"name":"(anonymous_18)","decl":{"start":{"line":345,"column":28},"end":{"line":345,"column":29}},"loc":{"start":{"line":345,"column":44},"end":{"line":349,"column":15}},"line":345}},"branchMap":{"0":{"loc":{"start":{"line":85,"column":26},"end":{"line":85,"column":70}},"type":"binary-expr","locations":[{"start":{"line":85,"column":26},"end":{"line":85,"column":40}},{"start":{"line":85,"column":44},"end":{"line":85,"column":70}}],"line":85},"1":{"loc":{"start":{"line":106,"column":4},"end":{"line":115,"column":5}},"type":"switch","locations":[{"start":{"line":107,"column":6},"end":{"line":108,"column":25}},{"start":{"line":109,"column":6},"end":{"line":110,"column":25}},{"start":{"line":111,"column":6},"end":{"line":112,"column":25}},{"start":{"line":113,"column":6},"end":{"line":114,"column":22}}],"line":106},"2":{"loc":{"start":{"line":129,"column":15},"end":{"line":174,"column":15}},"type":"cond-expr","locations":[{"start":{"line":130,"column":16},"end":{"line":161,"column":19}},{"start":{"line":163,"column":16},"end":{"line":173,"column":35}}],"line":129},"3":{"loc":{"start":{"line":177,"column":15},"end":{"line":216,"column":15}},"type":"cond-expr","locations":[{"start":{"line":178,"column":16},"end":{"line":209,"column":19}},{"start":{"line":211,"column":16},"end":{"line":215,"column":35}}],"line":177},"4":{"loc":{"start":{"line":219,"column":15},"end":{"line":270,"column":15}},"type":"cond-expr","locations":[{"start":{"line":220,"column":16},"end":{"line":254,"column":19}},{"start":{"line":256,"column":16},"end":{"line":269,"column":35}}],"line":219},"5":{"loc":{"start":{"line":286,"column":26},"end":{"line":286,"column":70}},"type":"cond-expr","locations":[{"start":{"line":286,"column":41},"end":{"line":286,"column":51}},{"start":{"line":286,"column":54},"end":{"line":286,"column":70}}],"line":286},"6":{"loc":{"start":{"line":288,"column":27},"end":{"line":288,"column":60}},"type":"cond-expr","locations":[{"start":{"line":288,"column":42},"end":{"line":288,"column":51}},{"start":{"line":288,"column":54},"end":{"line":288,"column":60}}],"line":288},"7":{"loc":{"start":{"line":291,"column":19},"end":{"line":333,"column":19}},"type":"cond-expr","locations":[{"start":{"line":292,"column":20},"end":{"line":315,"column":23}},{"start":{"line":317,"column":20},"end":{"line":332,"column":39}}],"line":291},"8":{"loc":{"start":{"line":323,"column":46},"end":{"line":325,"column":36}},"type":"cond-expr","locations":[{"start":{"line":324,"column":30},"end":{"line":324,"column":44}},{"start":{"line":325,"column":30},"end":{"line":325,"column":36}}],"line":323},"9":{"loc":{"start":{"line":326,"column":33},"end":{"line":326,"column":63}},"type":"cond-expr","locations":[{"start":{"line":326,"column":48},"end":{"line":326,"column":54}},{"start":{"line":326,"column":57},"end":{"line":326,"column":63}}],"line":326},"10":{"loc":{"start":{"line":337,"column":13},"end":{"line":343,"column":13}},"type":"binary-expr","locations":[{"start":{"line":337,"column":13},"end":{"line":337,"column":22}},{"start":{"line":338,"column":14},"end":{"line":342,"column":21}}],"line":337}},"s":{"0":2,"1":2,"2":24,"3":24,"4":24,"5":24,"6":24,"7":24,"8":9,"9":9,"10":24,"11":0,"12":0,"13":0,"14":24,"15":2,"16":2,"17":2,"18":2,"19":24,"20":0,"21":0,"22":0,"23":0,"24":0,"25":24,"26":24,"27":7,"28":17,"29":0,"30":0,"31":24,"32":2,"33":1,"34":2,"35":1,"36":0,"37":0,"38":20,"39":0,"40":0,"41":0,"42":0,"43":0,"44":0,"45":0,"46":0},"f":{"0":24,"1":9,"2":0,"3":0,"4":0,"5":2,"6":0,"7":24,"8":2,"9":1,"10":2,"11":1,"12":0,"13":0,"14":20,"15":0,"16":0,"17":0,"18":0},"b":{"0":[0,0],"1":[7,17,0,0],"2":[1,23],"3":[1,23],"4":[0,24],"5":[0,20],"6":[0,20],"7":[0,20],"8":[0,20],"9":[0,20],"10":[24,0]},"_coverageSchema":"1a1c01bbd47fc00a2c39e90264f33305004495a9","hash":"61090c18dd334c86994a58f68a80b74919685438"}
,"C:\\Users\\minel\\Desktop\\list-native\\src\\components\\notification-bell\\notificationBell.tsx": {"path":"C:\\Users\\minel\\Desktop\\list-native\\src\\components\\notification-bell\\notificationBell.tsx","statementMap":{"0":{"start":{"line":13,"column":2},"end":{"line":32,"column":4}}},"fnMap":{"0":{"name":"NotificationBell","decl":{"start":{"line":12,"column":16},"end":{"line":12,"column":32}},"loc":{"start":{"line":12,"column":82},"end":{"line":33,"column":1}},"line":12}},"branchMap":{"0":{"loc":{"start":{"line":17,"column":7},"end":{"line":30,"column":7}},"type":"binary-expr","locations":[{"start":{"line":17,"column":7},"end":{"line":17,"column":22}},{"start":{"line":18,"column":8},"end":{"line":29,"column":28}}],"line":17},"1":{"loc":{"start":{"line":27,"column":13},"end":{"line":27,"column":49}},"type":"cond-expr","locations":[{"start":{"line":27,"column":31},"end":{"line":27,"column":35}},{"start":{"line":27,"column":38},"end":{"line":27,"column":49}}],"line":27}},"s":{"0":6},"f":{"0":6},"b":{"0":[6,5],"1":[0,5]},"_coverageSchema":"1a1c01bbd47fc00a2c39e90264f33305004495a9","hash":"7607004e82363717973ac017539cf6af508a9e51"}
,"C:\\Users\\minel\\Desktop\\list-native\\src\\components\\notification-bell\\notificationBellWrapper.tsx": {"path":"C:\\Users\\minel\\Desktop\\list-native\\src\\components\\notification-bell\\notificationBellWrapper.tsx","statementMap":{"0":{"start":{"line":9,"column":17},"end":{"line":9,"column":71}},"1":{"start":{"line":9,"column":51},"end":{"line":9,"column":70}},"2":{"start":{"line":11,"column":32},"end":{"line":11,"column":54}},"3":{"start":{"line":13,"column":22},"end":{"line":13,"column":46}},"4":{"start":{"line":15,"column":34},"end":{"line":21,"column":3}},"5":{"start":{"line":16,"column":4},"end":{"line":20,"column":5}},"6":{"start":{"line":17,"column":6},"end":{"line":17,"column":85}},"7":{"start":{"line":19,"column":6},"end":{"line":19,"column":80}},"8":{"start":{"line":23,"column":2},"end":{"line":25,"column":4}}},"fnMap":{"0":{"name":"NotificationBellWrapper","decl":{"start":{"line":8,"column":16},"end":{"line":8,"column":39}},"loc":{"start":{"line":8,"column":42},"end":{"line":26,"column":1}},"line":8},"1":{"name":"(anonymous_1)","decl":{"start":{"line":9,"column":29},"end":{"line":9,"column":30}},"loc":{"start":{"line":9,"column":51},"end":{"line":9,"column":70}},"line":9},"2":{"name":"(anonymous_2)","decl":{"start":{"line":15,"column":34},"end":{"line":15,"column":35}},"loc":{"start":{"line":15,"column":40},"end":{"line":21,"column":3}},"line":15}},"branchMap":{"0":{"loc":{"start":{"line":13,"column":22},"end":{"line":13,"column":46}},"type":"binary-expr","locations":[{"start":{"line":13,"column":22},"end":{"line":13,"column":41}},{"start":{"line":13,"column":45},"end":{"line":13,"column":46}}],"line":13},"1":{"loc":{"start":{"line":16,"column":4},"end":{"line":20,"column":5}},"type":"if","locations":[{"start":{"line":16,"column":4},"end":{"line":20,"column":5}},{"start":{"line":18,"column":11},"end":{"line":20,"column":5}}],"line":16}},"s":{"0":6,"1":0,"2":6,"3":6,"4":6,"5":0,"6":0,"7":0,"8":6},"f":{"0":6,"1":0,"2":0},"b":{"0":[6,1],"1":[0,0]},"_coverageSchema":"1a1c01bbd47fc00a2c39e90264f33305004495a9","hash":"6391039df7eca67d76b0b84007ee1b34fe03a120"}
,"C:\\Users\\minel\\Desktop\\list-native\\src\\components\\notification-bell\\style.ts": {"path":"C:\\Users\\minel\\Desktop\\list-native\\src\\components\\notification-bell\\style.ts","statementMap":{"0":{"start":{"line":3,"column":26},"end":{"line":5,"column":1}},"1":{"start":{"line":7,"column":33},"end":{"line":21,"column":1}}},"fnMap":{},"branchMap":{},"s":{"0":1,"1":1},"f":{},"b":{},"_coverageSchema":"1a1c01bbd47fc00a2c39e90264f33305004495a9","hash":"d67fa1b9f3b0caecb51c6f1deb91a90dd0b9e849"}
,"C:\\Users\\minel\\Desktop\\list-native\\src\\context\\task-context.tsx": {"path":"C:\\Users\\minel\\Desktop\\list-native\\src\\context\\task-context.tsx","statementMap":{"0":{"start":{"line":17,"column":27},"end":{"line":20,"column":2}},"1":{"start":{"line":23,"column":28},"end":{"line":23,"column":48}},"2":{"start":{"line":26,"column":20},"end":{"line":26,"column":63}},"3":{"start":{"line":27,"column":4},"end":{"line":27,"column":51}},"4":{"start":{"line":27,"column":27},"end":{"line":27,"column":49}},"5":{"start":{"line":30,"column":2},"end":{"line":34,"column":4}}},"fnMap":{"0":{"name":"(anonymous_0)","decl":{"start":{"line":19,"column":11},"end":{"line":19,"column":12}},"loc":{"start":{"line":19,"column":17},"end":{"line":19,"column":19}},"line":19},"1":{"name":"TaskProvider","decl":{"start":{"line":22,"column":16},"end":{"line":22,"column":28}},"loc":{"start":{"line":22,"column":68},"end":{"line":35,"column":1}},"line":22},"2":{"name":"addTask","decl":{"start":{"line":25,"column":11},"end":{"line":25,"column":18}},"loc":{"start":{"line":25,"column":43},"end":{"line":28,"column":3}},"line":25},"3":{"name":"(anonymous_3)","decl":{"start":{"line":27,"column":13},"end":{"line":27,"column":14}},"loc":{"start":{"line":27,"column":27},"end":{"line":27,"column":49}},"line":27}},"branchMap":{},"s":{"0":1,"1":0,"2":0,"3":0,"4":0,"5":0},"f":{"0":0,"1":0,"2":0,"3":0},"b":{},"_coverageSchema":"1a1c01bbd47fc00a2c39e90264f33305004495a9","hash":"14f91ba5300d59ec596c660d154f41bb458c269c"}
,"C:\\Users\\minel\\Desktop\\list-native\\src\\hooks\\useKeyboard.ts": {"path":"C:\\Users\\minel\\Desktop\\list-native\\src\\hooks\\useKeyboard.ts","statementMap":{"0":{"start":{"line":4,"column":27},"end":{"line":18,"column":1}},"1":{"start":{"line":5,"column":48},"end":{"line":5,"column":63}},"2":{"start":{"line":7,"column":2},"end":{"line":15,"column":8}},"3":{"start":{"line":8,"column":20},"end":{"line":8,"column":91}},"4":{"start":{"line":8,"column":66},"end":{"line":8,"column":90}},"5":{"start":{"line":9,"column":20},"end":{"line":9,"column":92}},"6":{"start":{"line":9,"column":66},"end":{"line":9,"column":91}},"7":{"start":{"line":11,"column":4},"end":{"line":14,"column":5}},"8":{"start":{"line":12,"column":6},"end":{"line":12,"column":22}},"9":{"start":{"line":13,"column":6},"end":{"line":13,"column":22}},"10":{"start":{"line":17,"column":2},"end":{"line":17,"column":24}}},"fnMap":{"0":{"name":"(anonymous_0)","decl":{"start":{"line":4,"column":27},"end":{"line":4,"column":28}},"loc":{"start":{"line":4,"column":33},"end":{"line":18,"column":1}},"line":4},"1":{"name":"(anonymous_1)","decl":{"start":{"line":7,"column":12},"end":{"line":7,"column":13}},"loc":{"start":{"line":7,"column":18},"end":{"line":15,"column":3}},"line":7},"2":{"name":"(anonymous_2)","decl":{"start":{"line":8,"column":60},"end":{"line":8,"column":61}},"loc":{"start":{"line":8,"column":66},"end":{"line":8,"column":90}},"line":8},"3":{"name":"(anonymous_3)","decl":{"start":{"line":9,"column":60},"end":{"line":9,"column":61}},"loc":{"start":{"line":9,"column":66},"end":{"line":9,"column":91}},"line":9},"4":{"name":"(anonymous_4)","decl":{"start":{"line":11,"column":11},"end":{"line":11,"column":12}},"loc":{"start":{"line":11,"column":17},"end":{"line":14,"column":5}},"line":11}},"branchMap":{},"s":{"0":1,"1":8,"2":8,"3":3,"4":0,"5":3,"6":0,"7":3,"8":3,"9":3,"10":8},"f":{"0":8,"1":3,"2":0,"3":0,"4":3},"b":{},"_coverageSchema":"1a1c01bbd47fc00a2c39e90264f33305004495a9","hash":"5f34934628729d16f6e5ba79a56a4974fbea56fe"}
,"C:\\Users\\minel\\Desktop\\list-native\\src\\hooks\\useUrgentTask.ts": {"path":"C:\\Users\\minel\\Desktop\\list-native\\src\\hooks\\useUrgentTask.ts","statementMap":{"0":{"start":{"line":4,"column":30},"end":{"line":12,"column":1}},"1":{"start":{"line":5,"column":2},"end":{"line":11,"column":5}},"2":{"start":{"line":8,"column":20},"end":{"line":8,"column":48}},"3":{"start":{"line":9,"column":6},"end":{"line":9,"column":67}},"4":{"start":{"line":9,"column":41},"end":{"line":9,"column":65}}},"fnMap":{"0":{"name":"(anonymous_0)","decl":{"start":{"line":4,"column":30},"end":{"line":4,"column":31}},"loc":{"start":{"line":4,"column":50},"end":{"line":12,"column":1}},"line":4},"1":{"name":"(anonymous_1)","decl":{"start":{"line":7,"column":13},"end":{"line":7,"column":14}},"loc":{"start":{"line":7,"column":25},"end":{"line":10,"column":5}},"line":7},"2":{"name":"(anonymous_2)","decl":{"start":{"line":9,"column":26},"end":{"line":9,"column":27}},"loc":{"start":{"line":9,"column":41},"end":{"line":9,"column":65}},"line":9}},"branchMap":{},"s":{"0":1,"1":6,"2":3,"3":3,"4":6},"f":{"0":6,"1":3,"2":6},"b":{},"_coverageSchema":"1a1c01bbd47fc00a2c39e90264f33305004495a9","hash":"0f7e9c77aeb3bec37f7678b799e21ae062a62aa3"}
,"C:\\Users\\minel\\Desktop\\list-native\\src\\pages\\home\\index.tsx": {"path":"C:\\Users\\minel\\Desktop\\list-native\\src\\pages\\home\\index.tsx","statementMap":{"0":{"start":{"line":17,"column":30},"end":{"line":17,"column":42}},"1":{"start":{"line":18,"column":42},"end":{"line":20,"column":10}},"2":{"start":{"line":23,"column":4},"end":{"line":23,"column":66}},"3":{"start":{"line":24,"column":15},"end":{"line":24,"column":65}},"4":{"start":{"line":24,"column":49},"end":{"line":24,"column":64}},"5":{"start":{"line":26,"column":31},"end":{"line":30,"column":4}},"6":{"start":{"line":28,"column":19},"end":{"line":28,"column":42}},"7":{"start":{"line":32,"column":24},"end":{"line":44,"column":35}},"8":{"start":{"line":33,"column":4},"end":{"line":43,"column":9}},"9":{"start":{"line":35,"column":8},"end":{"line":35,"column":63}},"10":{"start":{"line":38,"column":8},"end":{"line":38,"column":48}},"11":{"start":{"line":38,"column":36},"end":{"line":38,"column":48}},"12":{"start":{"line":39,"column":8},"end":{"line":39,"column":73}},"13":{"start":{"line":39,"column":40},"end":{"line":39,"column":73}},"14":{"start":{"line":40,"column":8},"end":{"line":40,"column":71}},"15":{"start":{"line":40,"column":39},"end":{"line":40,"column":71}},"16":{"start":{"line":41,"column":8},"end":{"line":41,"column":65}},"17":{"start":{"line":41,"column":35},"end":{"line":41,"column":65}},"18":{"start":{"line":42,"column":8},"end":{"line":42,"column":20}},"19":{"start":{"line":46,"column":21},"end":{"line":62,"column":3}},"20":{"start":{"line":48,"column":6},"end":{"line":59,"column":8}},"21":{"start":{"line":52,"column":50},"end":{"line":55,"column":9}},"22":{"start":{"line":64,"column":2},"end":{"line":68,"column":13}},"23":{"start":{"line":65,"column":4},"end":{"line":67,"column":5}},"24":{"start":{"line":66,"column":6},"end":{"line":66,"column":35}},"25":{"start":{"line":70,"column":2},"end":{"line":132,"column":4}},"26":{"start":{"line":85,"column":27},"end":{"line":85,"column":49}},"27":{"start":{"line":90,"column":27},"end":{"line":90,"column":53}},"28":{"start":{"line":95,"column":27},"end":{"line":95,"column":52}},"29":{"start":{"line":100,"column":27},"end":{"line":100,"column":48}},"30":{"start":{"line":106,"column":34},"end":{"line":106,"column":41}},"31":{"start":{"line":110,"column":12},"end":{"line":125,"column":19}},"32":{"start":{"line":136,"column":25},"end":{"line":162,"column":1}},"33":{"start":{"line":146,"column":4},"end":{"line":160,"column":11}}},"fnMap":{"0":{"name":"Home","decl":{"start":{"line":16,"column":24},"end":{"line":16,"column":28}},"loc":{"start":{"line":16,"column":31},"end":{"line":133,"column":1}},"line":16},"1":{"name":"(anonymous_1)","decl":{"start":{"line":24,"column":27},"end":{"line":24,"column":28}},"loc":{"start":{"line":24,"column":49},"end":{"line":24,"column":64}},"line":24},"2":{"name":"(anonymous_2)","decl":{"start":{"line":28,"column":13},"end":{"line":28,"column":14}},"loc":{"start":{"line":28,"column":19},"end":{"line":28,"column":42}},"line":28},"3":{"name":"(anonymous_3)","decl":{"start":{"line":32,"column":32},"end":{"line":32,"column":33}},"loc":{"start":{"line":32,"column":38},"end":{"line":44,"column":3}},"line":32},"4":{"name":"(anonymous_4)","decl":{"start":{"line":34,"column":14},"end":{"line":34,"column":15}},"loc":{"start":{"line":35,"column":8},"end":{"line":35,"column":63}},"line":35},"5":{"name":"(anonymous_5)","decl":{"start":{"line":37,"column":14},"end":{"line":37,"column":15}},"loc":{"start":{"line":37,"column":29},"end":{"line":43,"column":7}},"line":37},"6":{"name":"(anonymous_6)","decl":{"start":{"line":47,"column":4},"end":{"line":47,"column":5}},"loc":{"start":{"line":48,"column":6},"end":{"line":59,"column":8}},"line":48},"7":{"name":"(anonymous_7)","decl":{"start":{"line":52,"column":37},"end":{"line":52,"column":38}},"loc":{"start":{"line":52,"column":50},"end":{"line":55,"column":9}},"line":52},"8":{"name":"(anonymous_8)","decl":{"start":{"line":64,"column":12},"end":{"line":64,"column":13}},"loc":{"start":{"line":64,"column":18},"end":{"line":68,"column":3}},"line":64},"9":{"name":"(anonymous_9)","decl":{"start":{"line":85,"column":21},"end":{"line":85,"column":22}},"loc":{"start":{"line":85,"column":27},"end":{"line":85,"column":49}},"line":85},"10":{"name":"(anonymous_10)","decl":{"start":{"line":90,"column":21},"end":{"line":90,"column":22}},"loc":{"start":{"line":90,"column":27},"end":{"line":90,"column":53}},"line":90},"11":{"name":"(anonymous_11)","decl":{"start":{"line":95,"column":21},"end":{"line":95,"column":22}},"loc":{"start":{"line":95,"column":27},"end":{"line":95,"column":52}},"line":95},"12":{"name":"(anonymous_12)","decl":{"start":{"line":100,"column":21},"end":{"line":100,"column":22}},"loc":{"start":{"line":100,"column":27},"end":{"line":100,"column":48}},"line":100},"13":{"name":"(anonymous_13)","decl":{"start":{"line":106,"column":24},"end":{"line":106,"column":25}},"loc":{"start":{"line":106,"column":34},"end":{"line":106,"column":41}},"line":106},"14":{"name":"(anonymous_14)","decl":{"start":{"line":109,"column":30},"end":{"line":109,"column":31}},"loc":{"start":{"line":110,"column":12},"end":{"line":125,"column":19}},"line":110},"15":{"name":"(anonymous_15)","decl":{"start":{"line":137,"column":2},"end":{"line":137,"column":3}},"loc":{"start":{"line":146,"column":4},"end":{"line":160,"column":11}},"line":146}},"branchMap":{"0":{"loc":{"start":{"line":26,"column":16},"end":{"line":26,"column":26}},"type":"default-arg","locations":[{"start":{"line":26,"column":24},"end":{"line":26,"column":26}}],"line":26},"1":{"loc":{"start":{"line":38,"column":8},"end":{"line":38,"column":48}},"type":"if","locations":[{"start":{"line":38,"column":8},"end":{"line":38,"column":48}},{"start":{},"end":{}}],"line":38},"2":{"loc":{"start":{"line":39,"column":8},"end":{"line":39,"column":73}},"type":"if","locations":[{"start":{"line":39,"column":8},"end":{"line":39,"column":73}},{"start":{},"end":{}}],"line":39},"3":{"loc":{"start":{"line":40,"column":8},"end":{"line":40,"column":71}},"type":"if","locations":[{"start":{"line":40,"column":8},"end":{"line":40,"column":71}},{"start":{},"end":{}}],"line":40},"4":{"loc":{"start":{"line":41,"column":8},"end":{"line":41,"column":65}},"type":"if","locations":[{"start":{"line":41,"column":8},"end":{"line":41,"column":65}},{"start":{},"end":{}}],"line":41},"5":{"loc":{"start":{"line":65,"column":4},"end":{"line":67,"column":5}},"type":"if","locations":[{"start":{"line":65,"column":4},"end":{"line":67,"column":5}},{"start":{},"end":{}}],"line":65},"6":{"loc":{"start":{"line":152,"column":25},"end":{"line":152,"column":49}},"type":"cond-expr","locations":[{"start":{"line":152,"column":34},"end":{"line":152,"column":40}},{"start":{"line":152,"column":43},"end":{"line":152,"column":49}}],"line":152},"7":{"loc":{"start":{"line":153,"column":15},"end":{"line":153,"column":39}},"type":"cond-expr","locations":[{"start":{"line":153,"column":24},"end":{"line":153,"column":30}},{"start":{"line":153,"column":33},"end":{"line":153,"column":39}}],"line":153}},"s":{"0":6,"1":6,"2":6,"3":6,"4":0,"5":6,"6":3,"7":6,"8":6,"9":10,"10":10,"11":6,"12":4,"13":2,"14":2,"15":2,"16":0,"17":0,"18":0,"19":6,"20":8,"21":0,"22":6,"23":6,"24":0,"25":6,"26":0,"27":1,"28":1,"29":0,"30":13,"31":1,"32":1,"33":24},"f":{"0":6,"1":0,"2":3,"3":6,"4":10,"5":10,"6":8,"7":0,"8":6,"9":0,"10":1,"11":1,"12":0,"13":13,"14":1,"15":24},"b":{"0":[1],"1":[6,4],"2":[2,2],"3":[2,0],"4":[0,0],"5":[0,6],"6":[6,18],"7":[6,18]},"_coverageSchema":"1a1c01bbd47fc00a2c39e90264f33305004495a9","hash":"6cb8737a6be42a80a45d0f7e2613073faf4435d2"}
,"C:\\Users\\minel\\Desktop\\list-native\\src\\pages\\home\\styles.ts": {"path":"C:\\Users\\minel\\Desktop\\list-native\\src\\pages\\home\\styles.ts","statementMap":{"0":{"start":{"line":5,"column":29},"end":{"line":10,"column":1}},"1":{"start":{"line":12,"column":29},"end":{"line":20,"column":1}},"2":{"start":{"line":22,"column":21},"end":{"line":67,"column":2}}},"fnMap":{},"branchMap":{},"s":{"0":1,"1":1,"2":1},"f":{},"b":{},"_coverageSchema":"1a1c01bbd47fc00a2c39e90264f33305004495a9","hash":"c6df498a5a4f3b183396f490110429c1015ab33c"}
,"C:\\Users\\minel\\Desktop\\list-native\\src\\pages\\login\\index.tsx": {"path":"C:\\Users\\minel\\Desktop\\list-native\\src\\pages\\login\\index.tsx","statementMap":{"0":{"start":{"line":27,"column":24},"end":{"line":33,"column":2}},"1":{"start":{"line":38,"column":19},"end":{"line":38,"column":45}},"2":{"start":{"line":39,"column":35},"end":{"line":39,"column":80}},"3":{"start":{"line":39,"column":69},"end":{"line":39,"column":79}},"4":{"start":{"line":41,"column":4},"end":{"line":41,"column":66}},"5":{"start":{"line":42,"column":26},"end":{"line":42,"column":39}},"6":{"start":{"line":48,"column":6},"end":{"line":54,"column":4}},"7":{"start":{"line":56,"column":22},"end":{"line":59,"column":3}},"8":{"start":{"line":57,"column":4},"end":{"line":57,"column":58}},"9":{"start":{"line":58,"column":4},"end":{"line":58,"column":33}},"10":{"start":{"line":61,"column":2},"end":{"line":68,"column":11}},"11":{"start":{"line":62,"column":2},"end":{"line":67,"column":3}},"12":{"start":{"line":63,"column":4},"end":{"line":66,"column":7}},"13":{"start":{"line":70,"column":2},"end":{"line":149,"column":4}},"14":{"start":{"line":98,"column":20},"end":{"line":104,"column":22}},"15":{"start":{"line":120,"column":20},"end":{"line":127,"column":22}}},"fnMap":{"0":{"name":"Login","decl":{"start":{"line":37,"column":24},"end":{"line":37,"column":29}},"loc":{"start":{"line":37,"column":32},"end":{"line":150,"column":1}},"line":37},"1":{"name":"(anonymous_1)","decl":{"start":{"line":39,"column":47},"end":{"line":39,"column":48}},"loc":{"start":{"line":39,"column":69},"end":{"line":39,"column":79}},"line":39},"2":{"name":"(anonymous_2)","decl":{"start":{"line":56,"column":22},"end":{"line":56,"column":23}},"loc":{"start":{"line":56,"column":55},"end":{"line":59,"column":3}},"line":56},"3":{"name":"(anonymous_3)","decl":{"start":{"line":61,"column":12},"end":{"line":61,"column":13}},"loc":{"start":{"line":61,"column":18},"end":{"line":68,"column":1}},"line":61},"4":{"name":"(anonymous_4)","decl":{"start":{"line":97,"column":26},"end":{"line":97,"column":27}},"loc":{"start":{"line":98,"column":20},"end":{"line":104,"column":22}},"line":98},"5":{"name":"(anonymous_5)","decl":{"start":{"line":119,"column":26},"end":{"line":119,"column":27}},"loc":{"start":{"line":120,"column":20},"end":{"line":127,"column":22}},"line":120}},"branchMap":{"0":{"loc":{"start":{"line":62,"column":2},"end":{"line":67,"column":3}},"type":"if","locations":[{"start":{"line":62,"column":2},"end":{"line":67,"column":3}},{"start":{},"end":{}}],"line":62},"1":{"loc":{"start":{"line":72,"column":16},"end":{"line":72,"column":60}},"type":"cond-expr","locations":[{"start":{"line":72,"column":40},"end":{"line":72,"column":49}},{"start":{"line":72,"column":52},"end":{"line":72,"column":60}}],"line":72},"2":{"loc":{"start":{"line":83,"column":31},"end":{"line":83,"column":56}},"type":"cond-expr","locations":[{"start":{"line":83,"column":49},"end":{"line":83,"column":52}},{"start":{"line":83,"column":55},"end":{"line":83,"column":56}}],"line":83},"3":{"loc":{"start":{"line":107,"column":17},"end":{"line":111,"column":17}},"type":"binary-expr","locations":[{"start":{"line":107,"column":17},"end":{"line":107,"column":29}},{"start":{"line":108,"column":18},"end":{"line":110,"column":25}}],"line":107},"4":{"loc":{"start":{"line":130,"column":17},"end":{"line":134,"column":17}},"type":"binary-expr","locations":[{"start":{"line":130,"column":17},"end":{"line":130,"column":32}},{"start":{"line":131,"column":18},"end":{"line":133,"column":25}}],"line":130},"5":{"loc":{"start":{"line":142,"column":15},"end":{"line":142,"column":49}},"type":"cond-expr","locations":[{"start":{"line":142,"column":25},"end":{"line":142,"column":38}},{"start":{"line":142,"column":41},"end":{"line":142,"column":49}}],"line":142},"6":{"loc":{"start":{"line":144,"column":13},"end":{"line":144,"column":67}},"type":"binary-expr","locations":[{"start":{"line":144,"column":13},"end":{"line":144,"column":18}},{"start":{"line":144,"column":22},"end":{"line":144,"column":67}}],"line":144}},"s":{"0":1,"1":8,"2":8,"3":8,"4":8,"5":8,"6":8,"7":8,"8":1,"9":1,"10":8,"11":3,"12":1,"13":8,"14":10,"15":10},"f":{"0":8,"1":8,"2":1,"3":3,"4":10,"5":10},"b":{"0":[1,2],"1":[8,0],"2":[0,8],"3":[8,1],"4":[8,1],"5":[0,8],"6":[8,0]},"_coverageSchema":"1a1c01bbd47fc00a2c39e90264f33305004495a9","hash":"688321cfed193ca5dd0ea0eba5d439645f076f99"}
,"C:\\Users\\minel\\Desktop\\list-native\\src\\pages\\login\\styles.ts": {"path":"C:\\Users\\minel\\Desktop\\list-native\\src\\pages\\login\\styles.ts","statementMap":{"0":{"start":{"line":3,"column":21},"end":{"line":44,"column":2}}},"fnMap":{},"branchMap":{},"s":{"0":1},"f":{},"b":{},"_coverageSchema":"1a1c01bbd47fc00a2c39e90264f33305004495a9","hash":"cc151dbdc273335b23008044fc024585e0c91fb0"}
,"C:\\Users\\minel\\Desktop\\list-native\\src\\redux\\actions\\authAction.ts": {"path":"C:\\Users\\minel\\Desktop\\list-native\\src\\redux\\actions\\authAction.ts","statementMap":{"0":{"start":{"line":3,"column":29},"end":{"line":3,"column":44}},"1":{"start":{"line":4,"column":29},"end":{"line":4,"column":44}},"2":{"start":{"line":5,"column":29},"end":{"line":5,"column":44}},"3":{"start":{"line":6,"column":24},"end":{"line":6,"column":34}},"4":{"start":{"line":8,"column":28},"end":{"line":11,"column":2}},"5":{"start":{"line":8,"column":79},"end":{"line":11,"column":1}},"6":{"start":{"line":13,"column":28},"end":{"line":16,"column":2}},"7":{"start":{"line":13,"column":50},"end":{"line":16,"column":1}},"8":{"start":{"line":18,"column":28},"end":{"line":21,"column":2}},"9":{"start":{"line":18,"column":48},"end":{"line":21,"column":1}},"10":{"start":{"line":23,"column":22},"end":{"line":25,"column":2}},"11":{"start":{"line":23,"column":29},"end":{"line":25,"column":1}},"12":{"start":{"line":27,"column":23},"end":{"line":30,"column":2}},"13":{"start":{"line":27,"column":39},"end":{"line":30,"column":1}}},"fnMap":{"0":{"name":"(anonymous_0)","decl":{"start":{"line":8,"column":28},"end":{"line":8,"column":29}},"loc":{"start":{"line":8,"column":79},"end":{"line":11,"column":1}},"line":8},"1":{"name":"(anonymous_1)","decl":{"start":{"line":13,"column":28},"end":{"line":13,"column":29}},"loc":{"start":{"line":13,"column":50},"end":{"line":16,"column":1}},"line":13},"2":{"name":"(anonymous_2)","decl":{"start":{"line":18,"column":28},"end":{"line":18,"column":29}},"loc":{"start":{"line":18,"column":48},"end":{"line":21,"column":1}},"line":18},"3":{"name":"(anonymous_3)","decl":{"start":{"line":23,"column":22},"end":{"line":23,"column":23}},"loc":{"start":{"line":23,"column":29},"end":{"line":25,"column":1}},"line":23},"4":{"name":"(anonymous_4)","decl":{"start":{"line":27,"column":23},"end":{"line":27,"column":24}},"loc":{"start":{"line":27,"column":39},"end":{"line":30,"column":1}},"line":27}},"branchMap":{},"s":{"0":1,"1":1,"2":1,"3":1,"4":1,"5":1,"6":1,"7":0,"8":1,"9":0,"10":1,"11":0,"12":1,"13":0},"f":{"0":1,"1":0,"2":0,"3":0,"4":0},"b":{},"_coverageSchema":"1a1c01bbd47fc00a2c39e90264f33305004495a9","hash":"75892120a1bbcc9656dfb7b8a1f85186525d0685"}
,"C:\\Users\\minel\\Desktop\\list-native\\src\\service\\api.ts": {"path":"C:\\Users\\minel\\Desktop\\list-native\\src\\service\\api.ts","statementMap":{"0":{"start":{"line":4,"column":20},"end":{"line":4,"column":53}},"1":{"start":{"line":6,"column":19},"end":{"line":9,"column":2}}},"fnMap":{},"branchMap":{"0":{"loc":{"start":{"line":4,"column":20},"end":{"line":4,"column":53}},"type":"binary-expr","locations":[{"start":{"line":4,"column":20},"end":{"line":4,"column":47}},{"start":{"line":4,"column":51},"end":{"line":4,"column":53}}],"line":4}},"s":{"0":2,"1":2},"f":{},"b":{"0":[2,2]},"_coverageSchema":"1a1c01bbd47fc00a2c39e90264f33305004495a9","hash":"bb1797be31e9627d9719af8968d55fae0a75d083"}
,"C:\\Users\\minel\\Desktop\\list-native\\src\\service\\task\\create-task.ts": {"path":"C:\\Users\\minel\\Desktop\\list-native\\src\\service\\task\\create-task.ts","statementMap":{"0":{"start":{"line":5,"column":26},"end":{"line":21,"column":1}},"1":{"start":{"line":6,"column":2},"end":{"line":20,"column":3}},"2":{"start":{"line":7,"column":16},"end":{"line":7,"column":45}},"3":{"start":{"line":8,"column":4},"end":{"line":8,"column":20}},"4":{"start":{"line":10,"column":4},"end":{"line":19,"column":5}},"5":{"start":{"line":11,"column":6},"end":{"line":11,"column":57}},"6":{"start":{"line":12,"column":6},"end":{"line":12,"column":79}},"7":{"start":{"line":13,"column":11},"end":{"line":19,"column":5}},"8":{"start":{"line":14,"column":6},"end":{"line":14,"column":59}},"9":{"start":{"line":15,"column":6},"end":{"line":15,"column":72}},"10":{"start":{"line":17,"column":6},"end":{"line":17,"column":55}},"11":{"start":{"line":18,"column":6},"end":{"line":18,"column":58}}},"fnMap":{"0":{"name":"(anonymous_0)","decl":{"start":{"line":5,"column":26},"end":{"line":5,"column":27}},"loc":{"start":{"line":5,"column":46},"end":{"line":21,"column":1}},"line":5}},"branchMap":{"0":{"loc":{"start":{"line":10,"column":4},"end":{"line":19,"column":5}},"type":"if","locations":[{"start":{"line":10,"column":4},"end":{"line":19,"column":5}},{"start":{"line":13,"column":11},"end":{"line":19,"column":5}}],"line":10},"1":{"loc":{"start":{"line":12,"column":22},"end":{"line":12,"column":77}},"type":"binary-expr","locations":[{"start":{"line":12,"column":22},"end":{"line":12,"column":50}},{"start":{"line":12,"column":54},"end":{"line":12,"column":77}}],"line":12},"2":{"loc":{"start":{"line":13,"column":11},"end":{"line":19,"column":5}},"type":"if","locations":[{"start":{"line":13,"column":11},"end":{"line":19,"column":5}},{"start":{"line":16,"column":11},"end":{"line":19,"column":5}}],"line":13}},"s":{"0":1,"1":0,"2":0,"3":0,"4":0,"5":0,"6":0,"7":0,"8":0,"9":0,"10":0,"11":0},"f":{"0":0},"b":{"0":[0,0],"1":[0,0],"2":[0,0]},"_coverageSchema":"1a1c01bbd47fc00a2c39e90264f33305004495a9","hash":"e8b67fd783c653ab78a161081cdd3bbb81ed8410"}
,"C:\\Users\\minel\\Desktop\\list-native\\src\\service\\task\\delete-task.ts": {"path":"C:\\Users\\minel\\Desktop\\list-native\\src\\service\\task\\delete-task.ts","statementMap":{"0":{"start":{"line":3,"column":26},"end":{"line":16,"column":1}},"1":{"start":{"line":4,"column":4},"end":{"line":15,"column":3}},"2":{"start":{"line":5,"column":20},"end":{"line":5,"column":52}},"3":{"start":{"line":6,"column":8},"end":{"line":6,"column":23}},"4":{"start":{"line":8,"column":4},"end":{"line":14,"column":5}},"5":{"start":{"line":9,"column":6},"end":{"line":9,"column":60}},"6":{"start":{"line":10,"column":6},"end":{"line":10,"column":64}},"7":{"start":{"line":12,"column":6},"end":{"line":12,"column":59}},"8":{"start":{"line":13,"column":6},"end":{"line":13,"column":61}}},"fnMap":{"0":{"name":"(anonymous_0)","decl":{"start":{"line":3,"column":26},"end":{"line":3,"column":27}},"loc":{"start":{"line":3,"column":47},"end":{"line":16,"column":1}},"line":3}},"branchMap":{"0":{"loc":{"start":{"line":8,"column":4},"end":{"line":14,"column":5}},"type":"if","locations":[{"start":{"line":8,"column":4},"end":{"line":14,"column":5}},{"start":{"line":11,"column":11},"end":{"line":14,"column":5}}],"line":8}},"s":{"0":1,"1":0,"2":0,"3":0,"4":0,"5":0,"6":0,"7":0,"8":0},"f":{"0":0},"b":{"0":[0,0]},"_coverageSchema":"1a1c01bbd47fc00a2c39e90264f33305004495a9","hash":"5336cc9ee1054f03e432b37cf531e125e6f1de6e"}
,"C:\\Users\\minel\\Desktop\\list-native\\src\\service\\task\\patch-finished-task.ts": {"path":"C:\\Users\\minel\\Desktop\\list-native\\src\\service\\task\\patch-finished-task.ts","statementMap":{"0":{"start":{"line":3,"column":33},"end":{"line":21,"column":1}},"1":{"start":{"line":4,"column":2},"end":{"line":20,"column":3}},"2":{"start":{"line":5,"column":16},"end":{"line":7,"column":6}},"3":{"start":{"line":8,"column":4},"end":{"line":8,"column":20}},"4":{"start":{"line":10,"column":4},"end":{"line":19,"column":5}},"5":{"start":{"line":11,"column":6},"end":{"line":11,"column":90}},"6":{"start":{"line":12,"column":6},"end":{"line":12,"column":93}},"7":{"start":{"line":13,"column":11},"end":{"line":19,"column":5}},"8":{"start":{"line":14,"column":6},"end":{"line":14,"column":79}},"9":{"start":{"line":15,"column":6},"end":{"line":15,"column":72}},"10":{"start":{"line":17,"column":6},"end":{"line":17,"column":75}},"11":{"start":{"line":18,"column":6},"end":{"line":18,"column":72}}},"fnMap":{"0":{"name":"(anonymous_0)","decl":{"start":{"line":3,"column":33},"end":{"line":3,"column":34}},"loc":{"start":{"line":3,"column":78},"end":{"line":21,"column":1}},"line":3}},"branchMap":{"0":{"loc":{"start":{"line":10,"column":4},"end":{"line":19,"column":5}},"type":"if","locations":[{"start":{"line":10,"column":4},"end":{"line":19,"column":5}},{"start":{"line":13,"column":11},"end":{"line":19,"column":5}}],"line":10},"1":{"loc":{"start":{"line":12,"column":22},"end":{"line":12,"column":91}},"type":"binary-expr","locations":[{"start":{"line":12,"column":22},"end":{"line":12,"column":50}},{"start":{"line":12,"column":54},"end":{"line":12,"column":91}}],"line":12},"2":{"loc":{"start":{"line":13,"column":11},"end":{"line":19,"column":5}},"type":"if","locations":[{"start":{"line":13,"column":11},"end":{"line":19,"column":5}},{"start":{"line":16,"column":11},"end":{"line":19,"column":5}}],"line":13}},"s":{"0":1,"1":0,"2":0,"3":0,"4":0,"5":0,"6":0,"7":0,"8":0,"9":0,"10":0,"11":0},"f":{"0":0},"b":{"0":[0,0],"1":[0,0],"2":[0,0]},"_coverageSchema":"1a1c01bbd47fc00a2c39e90264f33305004495a9","hash":"5bd5278e323179085097b4ab187e8858c8e2a498"}
,"C:\\Users\\minel\\Desktop\\list-native\\src\\service\\task\\update-task.ts": {"path":"C:\\Users\\minel\\Desktop\\list-native\\src\\service\\task\\update-task.ts","statementMap":{"0":{"start":{"line":3,"column":26},"end":{"line":19,"column":1}},"1":{"start":{"line":4,"column":2},"end":{"line":18,"column":3}},"2":{"start":{"line":5,"column":16},"end":{"line":5,"column":50}},"3":{"start":{"line":6,"column":4},"end":{"line":6,"column":20}},"4":{"start":{"line":8,"column":4},"end":{"line":17,"column":5}},"5":{"start":{"line":9,"column":6},"end":{"line":9,"column":77}},"6":{"start":{"line":10,"column":6},"end":{"line":10,"column":85}},"7":{"start":{"line":11,"column":11},"end":{"line":17,"column":5}},"8":{"start":{"line":12,"column":6},"end":{"line":12,"column":79}},"9":{"start":{"line":13,"column":6},"end":{"line":13,"column":72}},"10":{"start":{"line":15,"column":6},"end":{"line":15,"column":75}},"11":{"start":{"line":16,"column":6},"end":{"line":16,"column":64}}},"fnMap":{"0":{"name":"(anonymous_0)","decl":{"start":{"line":3,"column":26},"end":{"line":3,"column":27}},"loc":{"start":{"line":3,"column":58},"end":{"line":19,"column":1}},"line":3}},"branchMap":{"0":{"loc":{"start":{"line":8,"column":4},"end":{"line":17,"column":5}},"type":"if","locations":[{"start":{"line":8,"column":4},"end":{"line":17,"column":5}},{"start":{"line":11,"column":11},"end":{"line":17,"column":5}}],"line":8},"1":{"loc":{"start":{"line":10,"column":22},"end":{"line":10,"column":83}},"type":"binary-expr","locations":[{"start":{"line":10,"column":22},"end":{"line":10,"column":50}},{"start":{"line":10,"column":54},"end":{"line":10,"column":83}}],"line":10},"2":{"loc":{"start":{"line":11,"column":11},"end":{"line":17,"column":5}},"type":"if","locations":[{"start":{"line":11,"column":11},"end":{"line":17,"column":5}},{"start":{"line":14,"column":11},"end":{"line":17,"column":5}}],"line":11}},"s":{"0":2,"1":0,"2":0,"3":0,"4":0,"5":0,"6":0,"7":0,"8":0,"9":0,"10":0,"11":0},"f":{"0":0},"b":{"0":[0,0],"1":[0,0],"2":[0,0]},"_coverageSchema":"1a1c01bbd47fc00a2c39e90264f33305004495a9","hash":"49d2c7b7b3f8d77cdc1436150eec3538e691ce77"}
,"C:\\Users\\minel\\Desktop\\list-native\\src\\styles\\container.ts": {"path":"C:\\Users\\minel\\Desktop\\list-native\\src\\styles\\container.ts","statementMap":{"0":{"start":{"line":3,"column":25},"end":{"line":10,"column":1}}},"fnMap":{},"branchMap":{},"s":{"0":2},"f":{},"b":{},"_coverageSchema":"1a1c01bbd47fc00a2c39e90264f33305004495a9","hash":"09a85295ce743802542b7267f6db56a302940b2a"}
,"C:\\Users\\minel\\Desktop\\list-native\\src\\styles\\inputForm.ts": {"path":"C:\\Users\\minel\\Desktop\\list-native\\src\\styles\\inputForm.ts","statementMap":{"0":{"start":{"line":7,"column":25},"end":{"line":14,"column":1}},"1":{"start":{"line":13,"column":49},"end":{"line":13,"column":77}}},"fnMap":{"0":{"name":"(anonymous_0)","decl":{"start":{"line":13,"column":18},"end":{"line":13,"column":19}},"loc":{"start":{"line":13,"column":49},"end":{"line":13,"column":77}},"line":13}},"branchMap":{"0":{"loc":{"start":{"line":13,"column":49},"end":{"line":13,"column":77}},"type":"cond-expr","locations":[{"start":{"line":13,"column":60},"end":{"line":13,"column":65}},{"start":{"line":13,"column":68},"end":{"line":13,"column":77}}],"line":13}},"s":{"0":1,"1":18},"f":{"0":18},"b":{"0":[2,16]},"_coverageSchema":"1a1c01bbd47fc00a2c39e90264f33305004495a9","hash":"532d03464f0f90d19441a0b50f4c9c28bb2662d6"}
,"C:\\Users\\minel\\Desktop\\list-native\\src\\styles\\mainContainer.ts": {"path":"C:\\Users\\minel\\Desktop\\list-native\\src\\styles\\mainContainer.ts","statementMap":{"0":{"start":{"line":3,"column":29},"end":{"line":10,"column":1}}},"fnMap":{},"branchMap":{},"s":{"0":3},"f":{},"b":{},"_coverageSchema":"1a1c01bbd47fc00a2c39e90264f33305004495a9","hash":"2b1657eff6293af0673a0b2523f0243162c7cced"}
}
