{"C:\\Users\\minel\\Desktop\\my-projects\\list\\src\\components\\button\\button.tsx": {"path":"C:\\Users\\minel\\Desktop\\my-projects\\list\\src\\components\\button\\button.tsx","statementMap":{"0":{"start":{"line":12,"column":2},"end":{"line":16,"column":4}}},"fnMap":{"0":{"name":"ButtonSis","decl":{"start":{"line":11,"column":24},"end":{"line":11,"column":33}},"loc":{"start":{"line":11,"column":72},"end":{"line":17,"column":1}},"line":11}},"branchMap":{},"s":{"0":11},"f":{"0":11},"b":{},"_coverageSchema":"1a1c01bbd47fc00a2c39e90264f33305004495a9","hash":"731cc332203a5088aeb69e69f72939bd52a2a446"}
,"C:\\Users\\minel\\Desktop\\my-projects\\list\\src\\components\\button\\style.ts": {"path":"C:\\Users\\minel\\Desktop\\my-projects\\list\\src\\components\\button\\style.ts","statementMap":{"0":{"start":{"line":3,"column":21},"end":{"line":19,"column":2}}},"fnMap":{},"branchMap":{},"s":{"0":2},"f":{},"b":{},"_coverageSchema":"1a1c01bbd47fc00a2c39e90264f33305004495a9","hash":"3da5d707a21c65cc0d6b3d1a956ea4acfbd4212c"}
,"C:\\Users\\minel\\Desktop\\my-projects\\list\\src\\hooks\\useKeyboard.ts": {"path":"C:\\Users\\minel\\Desktop\\my-projects\\list\\src\\hooks\\useKeyboard.ts","statementMap":{"0":{"start":{"line":4,"column":27},"end":{"line":18,"column":1}},"1":{"start":{"line":5,"column":48},"end":{"line":5,"column":63}},"2":{"start":{"line":7,"column":2},"end":{"line":15,"column":8}},"3":{"start":{"line":8,"column":20},"end":{"line":8,"column":91}},"4":{"start":{"line":8,"column":66},"end":{"line":8,"column":90}},"5":{"start":{"line":9,"column":20},"end":{"line":9,"column":92}},"6":{"start":{"line":9,"column":66},"end":{"line":9,"column":91}},"7":{"start":{"line":11,"column":4},"end":{"line":14,"column":5}},"8":{"start":{"line":12,"column":6},"end":{"line":12,"column":22}},"9":{"start":{"line":13,"column":6},"end":{"line":13,"column":22}},"10":{"start":{"line":17,"column":2},"end":{"line":17,"column":24}}},"fnMap":{"0":{"name":"(anonymous_0)","decl":{"start":{"line":4,"column":27},"end":{"line":4,"column":28}},"loc":{"start":{"line":4,"column":33},"end":{"line":18,"column":1}},"line":4},"1":{"name":"(anonymous_1)","decl":{"start":{"line":7,"column":12},"end":{"line":7,"column":13}},"loc":{"start":{"line":7,"column":18},"end":{"line":15,"column":3}},"line":7},"2":{"name":"(anonymous_2)","decl":{"start":{"line":8,"column":60},"end":{"line":8,"column":61}},"loc":{"start":{"line":8,"column":66},"end":{"line":8,"column":90}},"line":8},"3":{"name":"(anonymous_3)","decl":{"start":{"line":9,"column":60},"end":{"line":9,"column":61}},"loc":{"start":{"line":9,"column":66},"end":{"line":9,"column":91}},"line":9},"4":{"name":"(anonymous_4)","decl":{"start":{"line":11,"column":11},"end":{"line":11,"column":12}},"loc":{"start":{"line":11,"column":17},"end":{"line":14,"column":5}},"line":11}},"branchMap":{},"s":{"0":1,"1":8,"2":8,"3":3,"4":0,"5":3,"6":0,"7":3,"8":3,"9":3,"10":8},"f":{"0":8,"1":3,"2":0,"3":0,"4":3},"b":{},"_coverageSchema":"1a1c01bbd47fc00a2c39e90264f33305004495a9","hash":"d51e131860facef98e8945a4f922ca9ddfa04b73"}
,"C:\\Users\\minel\\Desktop\\my-projects\\list\\src\\pages\\login\\index.tsx": {"path":"C:\\Users\\minel\\Desktop\\my-projects\\list\\src\\pages\\login\\index.tsx","statementMap":{"0":{"start":{"line":27,"column":24},"end":{"line":33,"column":2}},"1":{"start":{"line":38,"column":19},"end":{"line":38,"column":45}},"2":{"start":{"line":39,"column":35},"end":{"line":39,"column":80}},"3":{"start":{"line":39,"column":69},"end":{"line":39,"column":79}},"4":{"start":{"line":41,"column":4},"end":{"line":41,"column":66}},"5":{"start":{"line":42,"column":26},"end":{"line":42,"column":39}},"6":{"start":{"line":48,"column":6},"end":{"line":54,"column":4}},"7":{"start":{"line":56,"column":22},"end":{"line":59,"column":3}},"8":{"start":{"line":57,"column":24},"end":{"line":57,"column":113}},"9":{"start":{"line":58,"column":4},"end":{"line":58,"column":33}},"10":{"start":{"line":61,"column":2},"end":{"line":65,"column":11}},"11":{"start":{"line":62,"column":2},"end":{"line":64,"column":3}},"12":{"start":{"line":63,"column":4},"end":{"line":63,"column":32}},"13":{"start":{"line":67,"column":2},"end":{"line":146,"column":4}},"14":{"start":{"line":95,"column":20},"end":{"line":101,"column":22}},"15":{"start":{"line":117,"column":20},"end":{"line":124,"column":22}},"16":{"start":{"line":154,"column":85},"end":{"line":154,"column":40365}},"17":{"start":{"line":154,"column":89},"end":{"line":154,"column":40354}},"18":{"start":{"line":154,"column":40480},"end":{"line":154,"column":40486}},"19":{"start":{"line":154,"column":40601},"end":{"line":154,"column":40607}},"20":{"start":{"line":154,"column":40722},"end":{"line":154,"column":40728}},"21":{"start":{"line":154,"column":40847},"end":{"line":154,"column":40853}},"22":{"start":{"line":154,"column":40997},"end":{"line":154,"column":41003}}},"fnMap":{"0":{"name":"Login","decl":{"start":{"line":37,"column":24},"end":{"line":37,"column":29}},"loc":{"start":{"line":37,"column":32},"end":{"line":147,"column":1}},"line":37},"1":{"name":"(anonymous_1)","decl":{"start":{"line":39,"column":47},"end":{"line":39,"column":48}},"loc":{"start":{"line":39,"column":69},"end":{"line":39,"column":79}},"line":39},"2":{"name":"(anonymous_2)","decl":{"start":{"line":56,"column":22},"end":{"line":56,"column":23}},"loc":{"start":{"line":56,"column":55},"end":{"line":59,"column":3}},"line":56},"3":{"name":"(anonymous_3)","decl":{"start":{"line":61,"column":12},"end":{"line":61,"column":13}},"loc":{"start":{"line":61,"column":18},"end":{"line":65,"column":1}},"line":61},"4":{"name":"(anonymous_4)","decl":{"start":{"line":94,"column":26},"end":{"line":94,"column":27}},"loc":{"start":{"line":95,"column":20},"end":{"line":101,"column":22}},"line":95},"5":{"name":"(anonymous_5)","decl":{"start":{"line":116,"column":26},"end":{"line":116,"column":27}},"loc":{"start":{"line":117,"column":20},"end":{"line":124,"column":22}},"line":117},"6":{"name":"oo_cm","decl":{"start":{"line":154,"column":77},"end":{"line":154,"column":82}},"loc":{"start":{"line":154,"column":84},"end":{"line":154,"column":40366}},"line":154}},"branchMap":{"0":{"loc":{"start":{"line":62,"column":2},"end":{"line":64,"column":3}},"type":"if","locations":[{"start":{"line":62,"column":2},"end":{"line":64,"column":3}},{"start":{},"end":{}}],"line":62},"1":{"loc":{"start":{"line":69,"column":16},"end":{"line":69,"column":60}},"type":"cond-expr","locations":[{"start":{"line":69,"column":40},"end":{"line":69,"column":49}},{"start":{"line":69,"column":52},"end":{"line":69,"column":60}}],"line":69},"2":{"loc":{"start":{"line":80,"column":31},"end":{"line":80,"column":56}},"type":"cond-expr","locations":[{"start":{"line":80,"column":49},"end":{"line":80,"column":52}},{"start":{"line":80,"column":55},"end":{"line":80,"column":56}}],"line":80},"3":{"loc":{"start":{"line":104,"column":17},"end":{"line":108,"column":17}},"type":"binary-expr","locations":[{"start":{"line":104,"column":17},"end":{"line":104,"column":29}},{"start":{"line":105,"column":18},"end":{"line":107,"column":25}}],"line":104},"4":{"loc":{"start":{"line":127,"column":17},"end":{"line":131,"column":17}},"type":"binary-expr","locations":[{"start":{"line":127,"column":17},"end":{"line":127,"column":32}},{"start":{"line":128,"column":18},"end":{"line":130,"column":25}}],"line":127},"5":{"loc":{"start":{"line":139,"column":15},"end":{"line":139,"column":49}},"type":"cond-expr","locations":[{"start":{"line":139,"column":25},"end":{"line":139,"column":38}},{"start":{"line":139,"column":41},"end":{"line":139,"column":49}}],"line":139},"6":{"loc":{"start":{"line":141,"column":13},"end":{"line":141,"column":67}},"type":"binary-expr","locations":[{"start":{"line":141,"column":13},"end":{"line":141,"column":18}},{"start":{"line":141,"column":22},"end":{"line":141,"column":67}}],"line":141},"7":{"loc":{"start":{"line":154,"column":96},"end":{"line":154,"column":40353}},"type":"binary-expr","locations":[{"start":{"line":154,"column":96},"end":{"line":154,"column":133}},{"start":{"line":154,"column":137},"end":{"line":154,"column":40353}}],"line":154}},"s":{"0":1,"1":8,"2":8,"3":8,"4":8,"5":8,"6":8,"7":8,"8":1,"9":1,"10":8,"11":3,"12":1,"13":8,"14":10,"15":10,"16":1,"17":1,"18":1,"19":1,"20":1,"21":1,"22":1},"f":{"0":8,"1":8,"2":1,"3":3,"4":10,"5":10,"6":1},"b":{"0":[1,2],"1":[8,0],"2":[0,8],"3":[8,1],"4":[8,1],"5":[0,8],"6":[8,0],"7":[1,1]},"_coverageSchema":"1a1c01bbd47fc00a2c39e90264f33305004495a9","hash":"78146d18b066540b156840e22b9a55c476b691bc"}
,"C:\\Users\\minel\\Desktop\\my-projects\\list\\src\\pages\\login\\styles.ts": {"path":"C:\\Users\\minel\\Desktop\\my-projects\\list\\src\\pages\\login\\styles.ts","statementMap":{"0":{"start":{"line":3,"column":21},"end":{"line":44,"column":2}}},"fnMap":{},"branchMap":{},"s":{"0":1},"f":{},"b":{},"_coverageSchema":"1a1c01bbd47fc00a2c39e90264f33305004495a9","hash":"4ca9d1747d9a56aa1c138776a957f8d2e389fcfa"}
,"C:\\Users\\minel\\Desktop\\my-projects\\list\\src\\redux\\actions\\authAction.ts": {"path":"C:\\Users\\minel\\Desktop\\my-projects\\list\\src\\redux\\actions\\authAction.ts","statementMap":{"0":{"start":{"line":3,"column":29},"end":{"line":3,"column":44}},"1":{"start":{"line":4,"column":29},"end":{"line":4,"column":44}},"2":{"start":{"line":5,"column":29},"end":{"line":5,"column":44}},"3":{"start":{"line":6,"column":24},"end":{"line":6,"column":34}},"4":{"start":{"line":8,"column":28},"end":{"line":11,"column":2}},"5":{"start":{"line":8,"column":79},"end":{"line":11,"column":1}},"6":{"start":{"line":13,"column":28},"end":{"line":16,"column":2}},"7":{"start":{"line":13,"column":50},"end":{"line":16,"column":1}},"8":{"start":{"line":18,"column":28},"end":{"line":21,"column":2}},"9":{"start":{"line":18,"column":48},"end":{"line":21,"column":1}},"10":{"start":{"line":23,"column":22},"end":{"line":25,"column":2}},"11":{"start":{"line":23,"column":29},"end":{"line":25,"column":1}},"12":{"start":{"line":27,"column":23},"end":{"line":30,"column":2}},"13":{"start":{"line":27,"column":39},"end":{"line":30,"column":1}}},"fnMap":{"0":{"name":"(anonymous_0)","decl":{"start":{"line":8,"column":28},"end":{"line":8,"column":29}},"loc":{"start":{"line":8,"column":79},"end":{"line":11,"column":1}},"line":8},"1":{"name":"(anonymous_1)","decl":{"start":{"line":13,"column":28},"end":{"line":13,"column":29}},"loc":{"start":{"line":13,"column":50},"end":{"line":16,"column":1}},"line":13},"2":{"name":"(anonymous_2)","decl":{"start":{"line":18,"column":28},"end":{"line":18,"column":29}},"loc":{"start":{"line":18,"column":48},"end":{"line":21,"column":1}},"line":18},"3":{"name":"(anonymous_3)","decl":{"start":{"line":23,"column":22},"end":{"line":23,"column":23}},"loc":{"start":{"line":23,"column":29},"end":{"line":25,"column":1}},"line":23},"4":{"name":"(anonymous_4)","decl":{"start":{"line":27,"column":23},"end":{"line":27,"column":24}},"loc":{"start":{"line":27,"column":39},"end":{"line":30,"column":1}},"line":27}},"branchMap":{},"s":{"0":1,"1":1,"2":1,"3":1,"4":1,"5":1,"6":1,"7":0,"8":1,"9":0,"10":1,"11":0,"12":1,"13":0},"f":{"0":1,"1":0,"2":0,"3":0,"4":0},"b":{},"_coverageSchema":"1a1c01bbd47fc00a2c39e90264f33305004495a9","hash":"7dbf808fd2f7e737b8bd5c322fbf8bf4cf191b5c"}
,"C:\\Users\\minel\\Desktop\\my-projects\\list\\src\\styles\\inputForm.ts": {"path":"C:\\Users\\minel\\Desktop\\my-projects\\list\\src\\styles\\inputForm.ts","statementMap":{"0":{"start":{"line":7,"column":25},"end":{"line":14,"column":1}},"1":{"start":{"line":13,"column":49},"end":{"line":13,"column":77}}},"fnMap":{"0":{"name":"(anonymous_0)","decl":{"start":{"line":13,"column":18},"end":{"line":13,"column":19}},"loc":{"start":{"line":13,"column":49},"end":{"line":13,"column":77}},"line":13}},"branchMap":{"0":{"loc":{"start":{"line":13,"column":49},"end":{"line":13,"column":77}},"type":"cond-expr","locations":[{"start":{"line":13,"column":60},"end":{"line":13,"column":65}},{"start":{"line":13,"column":68},"end":{"line":13,"column":77}}],"line":13}},"s":{"0":1,"1":18},"f":{"0":18},"b":{"0":[2,16]},"_coverageSchema":"1a1c01bbd47fc00a2c39e90264f33305004495a9","hash":"faa6e8e7bd136fbdf0d1eb06c0be3858554d0428"}
,"C:\\Users\\minel\\Desktop\\my-projects\\list\\src\\styles\\mainContainer.ts": {"path":"C:\\Users\\minel\\Desktop\\my-projects\\list\\src\\styles\\mainContainer.ts","statementMap":{"0":{"start":{"line":3,"column":29},"end":{"line":10,"column":1}}},"fnMap":{},"branchMap":{},"s":{"0":1},"f":{},"b":{},"_coverageSchema":"1a1c01bbd47fc00a2c39e90264f33305004495a9","hash":"0895b61094cbb413512863e3d6ba2f76f5b5b1a1"}
}
