TN:
SF:src\components\button\button.tsx
FN:11,ButtonSis
FNF:1
FNH:1
FNDA:11,ButtonSis
DA:12,11
LF:1
LH:1
BRF:0
BRH:0
end_of_record
TN:
SF:src\components\button\style.ts
FNF:0
FNH:0
DA:3,2
LF:1
LH:1
BRF:0
BRH:0
end_of_record
TN:
SF:src\hooks\useKeyboard.ts
FN:4,(anonymous_0)
FN:7,(anonymous_1)
FN:8,(anonymous_2)
FN:9,(anonymous_3)
FN:11,(anonymous_4)
FNF:5
FNH:3
FNDA:8,(anonymous_0)
FNDA:3,(anonymous_1)
FNDA:0,(anonymous_2)
FNDA:0,(anonymous_3)
FNDA:3,(anonymous_4)
DA:4,1
DA:5,8
DA:7,8
DA:8,3
DA:9,3
DA:11,3
DA:12,3
DA:13,3
DA:17,8
LF:9
LH:9
BRF:0
BRH:0
end_of_record
TN:
SF:src\pages\login\index.tsx
FN:37,Login
FN:39,(anonymous_1)
FN:56,(anonymous_2)
FN:61,(anonymous_3)
FN:97,(anonymous_4)
FN:119,(anonymous_5)
FNF:6
FNH:6
FNDA:8,Login
FNDA:8,(anonymous_1)
FNDA:1,(anonymous_2)
FNDA:3,(anonymous_3)
FNDA:10,(anonymous_4)
FNDA:10,(anonymous_5)
DA:27,1
DA:38,8
DA:39,8
DA:41,8
DA:42,8
DA:48,8
DA:56,8
DA:57,1
DA:58,1
DA:61,8
DA:62,3
DA:63,1
DA:70,8
DA:98,10
DA:120,10
LF:15
LH:15
BRDA:62,0,0,1
BRDA:62,0,1,2
BRDA:72,1,0,8
BRDA:72,1,1,0
BRDA:83,2,0,0
BRDA:83,2,1,8
BRDA:107,3,0,8
BRDA:107,3,1,1
BRDA:130,4,0,8
BRDA:130,4,1,1
BRDA:142,5,0,0
BRDA:142,5,1,8
BRDA:144,6,0,8
BRDA:144,6,1,0
BRF:14
BRH:10
end_of_record
TN:
SF:src\pages\login\styles.ts
FNF:0
FNH:0
DA:3,1
LF:1
LH:1
BRF:0
BRH:0
end_of_record
TN:
SF:src\redux\actions\authAction.ts
FN:8,(anonymous_0)
FN:13,(anonymous_1)
FN:18,(anonymous_2)
FN:23,(anonymous_3)
FN:27,(anonymous_4)
FNF:5
FNH:1
FNDA:1,(anonymous_0)
FNDA:0,(anonymous_1)
FNDA:0,(anonymous_2)
FNDA:0,(anonymous_3)
FNDA:0,(anonymous_4)
DA:3,1
DA:4,1
DA:5,1
DA:6,1
DA:8,1
DA:13,1
DA:18,1
DA:23,1
DA:27,1
LF:9
LH:9
BRF:0
BRH:0
end_of_record
TN:
SF:src\styles\inputForm.ts
FN:13,(anonymous_0)
FNF:1
FNH:1
FNDA:18,(anonymous_0)
DA:7,1
DA:13,18
LF:2
LH:2
BRDA:13,0,0,2
BRDA:13,0,1,16
BRF:2
BRH:2
end_of_record
TN:
SF:src\styles\mainContainer.ts
FNF:0
FNH:0
DA:3,1
LF:1
LH:1
BRF:0
BRH:0
end_of_record
