TN:
SF:src\components\add-sub-task\addSubTask.tsx
FN:13,AddSubtaskInput
FN:16,(anonymous_1)
FNF:2
FNH:1
FNDA:10,AddSubtaskInput
FNDA:0,(anonymous_1)
DA:14,10
DA:16,10
DA:17,0
DA:19,0
DA:24,0
DA:25,0
DA:28,10
LF:7
LH:3
BRDA:17,0,0,0
BRDA:17,0,1,0
BRF:2
BRH:0
end_of_record
TN:
SF:src\components\button\button.tsx
FN:11,ButtonSis
FNF:1
FNH:1
FNDA:11,ButtonSis
DA:12,11
LF:1
LH:1
BRF:0
BRH:0
end_of_record
TN:
SF:src\components\button\style.ts
FNF:0
FNH:0
DA:3,2
LF:1
LH:1
BRF:0
BRH:0
end_of_record
TN:
SF:src\components\card-todo\cardTodo.tsx
FN:33,CardTodo
FN:48,(anonymous_1)
FN:49,(anonymous_2)
FN:54,(anonymous_3)
FN:59,(anonymous_4)
FN:59,(anonymous_5)
FN:70,(anonymous_6)
FN:71,(anonymous_7)
FN:76,(anonymous_8)
FN:80,(anonymous_9)
FNF:10
FNH:10
FNDA:16,CardTodo
FNDA:1,(anonymous_1)
FNDA:1,(anonymous_2)
FNDA:1,(anonymous_3)
FNDA:1,(anonymous_4)
FNDA:1,(anonymous_5)
FNDA:1,(anonymous_6)
FNDA:1,(anonymous_7)
FNDA:1,(anonymous_8)
FNDA:16,(anonymous_9)
DA:41,16
DA:42,16
DA:43,16
DA:45,16
DA:47,16
DA:48,1
DA:50,1
DA:54,16
DA:55,1
DA:56,1
DA:57,1
DA:59,16
DA:69,16
DA:70,1
DA:72,1
DA:76,16
DA:77,1
DA:80,16
DA:81,16
DA:83,4
DA:85,12
DA:87,0
DA:89,0
DA:93,16
LF:24
LH:22
BRDA:37,0,0,0
BRDA:81,1,0,4
BRDA:81,1,1,12
BRDA:81,1,2,0
BRDA:81,1,3,0
BRDA:96,2,0,2
BRDA:96,2,1,14
BRDA:102,3,0,2
BRDA:102,3,1,14
BRDA:104,4,0,2
BRDA:104,4,1,14
BRDA:109,5,0,2
BRDA:109,5,1,14
BRDA:122,6,0,2
BRDA:122,6,1,14
BRDA:128,7,0,16
BRDA:128,7,1,16
BRF:17
BRH:14
end_of_record
TN:
SF:src\components\card-todo\styles.ts
FNF:0
FNH:0
DA:3,2
DA:10,2
DA:16,2
DA:22,2
DA:26,2
DA:31,2
DA:38,2
DA:43,2
DA:51,2
LF:9
LH:9
BRF:0
BRH:0
end_of_record
TN:
SF:src\components\footer\Footer.tsx
FN:7,Footer
FN:11,toggleModal
FN:12,(anonymous_2)
FN:15,handleSubmit
FNF:4
FNH:1
FNDA:6,Footer
FNDA:0,toggleModal
FNDA:0,(anonymous_2)
FNDA:0,handleSubmit
DA:8,6
DA:9,6
DA:12,0
DA:22,0
DA:23,0
DA:26,6
LF:6
LH:3
BRF:0
BRH:0
end_of_record
TN:
SF:src\components\footer\style.ts
FNF:0
FNH:0
DA:4,1
DA:9,1
LF:2
LH:2
BRF:0
BRH:0
end_of_record
TN:
SF:src\components\header\header.tsx
FN:24,Header
FN:27,(anonymous_1)
FN:32,(anonymous_2)
FNF:3
FNH:1
FNDA:6,Header
FNDA:0,(anonymous_1)
FNDA:0,(anonymous_2)
DA:25,6
DA:27,6
DA:29,6
DA:32,0
LF:4
LH:3
BRF:0
BRH:0
end_of_record
TN:
SF:src\components\header\style.ts
FNF:0
FNH:0
DA:4,1
DA:12,1
DA:18,1
DA:26,1
DA:31,1
LF:5
LH:5
BRF:0
BRH:0
end_of_record
TN:
SF:src\components\input-search\InputSearch.tsx
FN:10,InputSearch
FN:13,(anonymous_1)
FNF:2
FNH:1
FNDA:6,InputSearch
FNDA:0,(anonymous_1)
DA:11,6
DA:13,6
DA:14,0
DA:15,0
DA:18,6
LF:5
LH:3
BRF:0
BRH:0
end_of_record
TN:
SF:src\components\input-search\styles.ts
FNF:0
FNH:0
DA:3,1
DA:6,1
LF:2
LH:2
BRF:0
BRH:0
end_of_record
TN:
SF:src\components\modal\create-task-modal.tsx
FN:50,CreateTaskModal
FN:55,(anonymous_1)
FN:73,(anonymous_2)
FN:83,(anonymous_3)
FN:88,(anonymous_4)
FN:96,(anonymous_5)
FN:119,(anonymous_6)
FN:134,(anonymous_7)
FN:153,(anonymous_8)
FN:185,(anonymous_9)
FN:186,(anonymous_10)
FN:189,(anonymous_11)
FNF:12
FNH:1
FNDA:9,CreateTaskModal
FNDA:0,(anonymous_1)
FNDA:0,(anonymous_2)
FNDA:0,(anonymous_3)
FNDA:0,(anonymous_4)
FNDA:0,(anonymous_5)
FNDA:0,(anonymous_6)
FNDA:0,(anonymous_7)
FNDA:0,(anonymous_8)
FNDA:0,(anonymous_9)
FNDA:0,(anonymous_10)
FNDA:0,(anonymous_11)
DA:36,1
DA:54,9
DA:55,9
DA:62,9
DA:66,9
DA:71,9
DA:73,9
DA:74,0
DA:75,0
DA:76,0
DA:80,9
DA:84,0
DA:88,9
DA:89,0
DA:95,0
DA:97,0
DA:98,0
DA:99,0
DA:100,0
DA:105,9
DA:120,0
DA:135,0
DA:154,0
DA:185,0
DA:187,0
DA:189,0
LF:26
LH:10
BRDA:74,0,0,0
BRDA:74,0,1,0
BRDA:84,1,0,0
BRDA:84,1,1,0
BRDA:126,2,0,0
BRDA:126,2,1,0
BRDA:142,3,0,0
BRDA:142,3,1,0
BRDA:163,4,0,0
BRDA:163,4,1,0
BRDA:201,5,0,0
BRDA:201,5,1,9
BRF:12
BRH:1
end_of_record
TN:
SF:src\components\modal\styles.ts
FNF:0
FNH:0
DA:3,2
DA:7,2
DA:15,2
DA:22,2
DA:29,2
DA:37,2
DA:44,2
DA:52,2
DA:56,2
DA:63,2
DA:68,2
DA:74,2
DA:80,2
DA:86,2
DA:91,2
DA:96,2
DA:101,2
DA:110,2
LF:18
LH:18
BRF:0
BRH:0
end_of_record
TN:
SF:src\components\modal\task-modal.tsx
FN:52,TaskModal
FN:74,(anonymous_1)
FN:80,(anonymous_2)
FN:81,(anonymous_3)
FN:84,(anonymous_4)
FN:89,(anonymous_5)
FN:96,(anonymous_6)
FN:105,(anonymous_7)
FN:134,(anonymous_8)
FN:163,(anonymous_9)
FN:182,(anonymous_10)
FN:211,(anonymous_11)
FN:224,(anonymous_12)
FN:256,(anonymous_13)
FN:275,(anonymous_14)
FN:278,(anonymous_15)
FN:295,(anonymous_16)
FN:318,(anonymous_17)
FN:345,(anonymous_18)
FNF:19
FNH:9
FNDA:24,TaskModal
FNDA:9,(anonymous_1)
FNDA:0,(anonymous_2)
FNDA:0,(anonymous_3)
FNDA:0,(anonymous_4)
FNDA:2,(anonymous_5)
FNDA:0,(anonymous_6)
FNDA:24,(anonymous_7)
FNDA:2,(anonymous_8)
FNDA:1,(anonymous_9)
FNDA:2,(anonymous_10)
FNDA:1,(anonymous_11)
FNDA:0,(anonymous_12)
FNDA:0,(anonymous_13)
FNDA:20,(anonymous_14)
FNDA:0,(anonymous_15)
FNDA:0,(anonymous_16)
FNDA:0,(anonymous_17)
FNDA:0,(anonymous_18)
DA:38,2
DA:43,2
DA:61,24
DA:64,24
DA:65,24
DA:67,24
DA:72,24
DA:74,24
DA:75,9
DA:76,9
DA:79,24
DA:80,0
DA:82,0
DA:85,0
DA:89,24
DA:90,2
DA:91,2
DA:92,2
DA:93,2
DA:96,24
DA:97,0
DA:98,0
DA:99,0
DA:101,0
DA:102,0
DA:105,24
DA:106,24
DA:108,7
DA:110,17
DA:112,0
DA:114,0
DA:118,24
DA:135,2
DA:163,1
DA:183,2
DA:211,1
DA:225,0
DA:256,0
DA:276,20
DA:278,0
DA:296,0
DA:297,0
DA:298,0
DA:318,0
DA:346,0
DA:347,0
DA:348,0
LF:47
LH:27
BRDA:85,0,0,0
BRDA:85,0,1,0
BRDA:106,1,0,7
BRDA:106,1,1,17
BRDA:106,1,2,0
BRDA:106,1,3,0
BRDA:129,2,0,1
BRDA:129,2,1,23
BRDA:177,3,0,1
BRDA:177,3,1,23
BRDA:219,4,0,0
BRDA:219,4,1,24
BRDA:286,5,0,0
BRDA:286,5,1,20
BRDA:288,6,0,0
BRDA:288,6,1,20
BRDA:291,7,0,0
BRDA:291,7,1,20
BRDA:323,8,0,0
BRDA:323,8,1,20
BRDA:326,9,0,0
BRDA:326,9,1,20
BRDA:337,10,0,24
BRDA:337,10,1,0
BRF:24
BRH:13
end_of_record
TN:
SF:src\components\notification-bell\notificationBell.tsx
FN:12,NotificationBell
FNF:1
FNH:1
FNDA:6,NotificationBell
DA:13,6
LF:1
LH:1
BRDA:17,0,0,6
BRDA:17,0,1,5
BRDA:27,1,0,0
BRDA:27,1,1,5
BRF:4
BRH:3
end_of_record
TN:
SF:src\components\notification-bell\notificationBellWrapper.tsx
FN:8,NotificationBellWrapper
FN:9,(anonymous_1)
FN:15,(anonymous_2)
FNF:3
FNH:1
FNDA:6,NotificationBellWrapper
FNDA:0,(anonymous_1)
FNDA:0,(anonymous_2)
DA:9,6
DA:11,6
DA:13,6
DA:15,6
DA:16,0
DA:17,0
DA:19,0
DA:23,6
LF:8
LH:5
BRDA:13,0,0,6
BRDA:13,0,1,1
BRDA:16,1,0,0
BRDA:16,1,1,0
BRF:4
BRH:2
end_of_record
TN:
SF:src\components\notification-bell\style.ts
FNF:0
FNH:0
DA:3,1
DA:7,1
LF:2
LH:2
BRF:0
BRH:0
end_of_record
TN:
SF:src\context\task-context.tsx
FN:19,(anonymous_0)
FN:22,TaskProvider
FN:25,addTask
FN:27,(anonymous_3)
FNF:4
FNH:0
FNDA:0,(anonymous_0)
FNDA:0,TaskProvider
FNDA:0,addTask
FNDA:0,(anonymous_3)
DA:17,1
DA:23,0
DA:26,0
DA:27,0
DA:30,0
LF:5
LH:1
BRF:0
BRH:0
end_of_record
TN:
SF:src\hooks\useKeyboard.ts
FN:4,(anonymous_0)
FN:7,(anonymous_1)
FN:8,(anonymous_2)
FN:9,(anonymous_3)
FN:11,(anonymous_4)
FNF:5
FNH:3
FNDA:8,(anonymous_0)
FNDA:3,(anonymous_1)
FNDA:0,(anonymous_2)
FNDA:0,(anonymous_3)
FNDA:3,(anonymous_4)
DA:4,1
DA:5,8
DA:7,8
DA:8,3
DA:9,3
DA:11,3
DA:12,3
DA:13,3
DA:17,8
LF:9
LH:9
BRF:0
BRH:0
end_of_record
TN:
SF:src\hooks\useUrgentTask.ts
FN:4,(anonymous_0)
FN:7,(anonymous_1)
FN:9,(anonymous_2)
FNF:3
FNH:3
FNDA:6,(anonymous_0)
FNDA:3,(anonymous_1)
FNDA:6,(anonymous_2)
DA:4,1
DA:5,6
DA:8,3
DA:9,6
LF:4
LH:4
BRF:0
BRH:0
end_of_record
TN:
SF:src\pages\home\index.tsx
FN:16,Home
FN:24,(anonymous_1)
FN:28,(anonymous_2)
FN:32,(anonymous_3)
FN:34,(anonymous_4)
FN:37,(anonymous_5)
FN:47,(anonymous_6)
FN:52,(anonymous_7)
FN:64,(anonymous_8)
FN:85,(anonymous_9)
FN:90,(anonymous_10)
FN:95,(anonymous_11)
FN:100,(anonymous_12)
FN:106,(anonymous_13)
FN:109,(anonymous_14)
FN:137,(anonymous_15)
FNF:16
FNH:12
FNDA:6,Home
FNDA:0,(anonymous_1)
FNDA:3,(anonymous_2)
FNDA:6,(anonymous_3)
FNDA:10,(anonymous_4)
FNDA:10,(anonymous_5)
FNDA:8,(anonymous_6)
FNDA:0,(anonymous_7)
FNDA:6,(anonymous_8)
FNDA:0,(anonymous_9)
FNDA:1,(anonymous_10)
FNDA:1,(anonymous_11)
FNDA:0,(anonymous_12)
FNDA:13,(anonymous_13)
FNDA:1,(anonymous_14)
FNDA:24,(anonymous_15)
DA:17,6
DA:18,6
DA:23,6
DA:24,6
DA:26,6
DA:28,3
DA:32,6
DA:33,6
DA:35,10
DA:38,10
DA:39,4
DA:40,2
DA:41,0
DA:42,0
DA:46,6
DA:48,8
DA:52,0
DA:64,6
DA:65,6
DA:66,0
DA:70,6
DA:85,0
DA:90,1
DA:95,1
DA:100,0
DA:106,13
DA:110,1
DA:136,1
DA:146,24
LF:29
LH:23
BRDA:26,0,0,1
BRDA:38,1,0,6
BRDA:38,1,1,4
BRDA:39,2,0,2
BRDA:39,2,1,2
BRDA:40,3,0,2
BRDA:40,3,1,0
BRDA:41,4,0,0
BRDA:41,4,1,0
BRDA:65,5,0,0
BRDA:65,5,1,6
BRDA:152,6,0,6
BRDA:152,6,1,18
BRDA:153,7,0,6
BRDA:153,7,1,18
BRF:15
BRH:11
end_of_record
TN:
SF:src\pages\home\styles.ts
FNF:0
FNH:0
DA:5,1
DA:12,1
DA:22,1
LF:3
LH:3
BRF:0
BRH:0
end_of_record
TN:
SF:src\pages\login\index.tsx
FN:37,Login
FN:39,(anonymous_1)
FN:56,(anonymous_2)
FN:61,(anonymous_3)
FN:97,(anonymous_4)
FN:119,(anonymous_5)
FNF:6
FNH:6
FNDA:8,Login
FNDA:8,(anonymous_1)
FNDA:1,(anonymous_2)
FNDA:3,(anonymous_3)
FNDA:10,(anonymous_4)
FNDA:10,(anonymous_5)
DA:27,1
DA:38,8
DA:39,8
DA:41,8
DA:42,8
DA:48,8
DA:56,8
DA:57,1
DA:58,1
DA:61,8
DA:62,3
DA:63,1
DA:70,8
DA:98,10
DA:120,10
LF:15
LH:15
BRDA:62,0,0,1
BRDA:62,0,1,2
BRDA:72,1,0,8
BRDA:72,1,1,0
BRDA:83,2,0,0
BRDA:83,2,1,8
BRDA:107,3,0,8
BRDA:107,3,1,1
BRDA:130,4,0,8
BRDA:130,4,1,1
BRDA:142,5,0,0
BRDA:142,5,1,8
BRDA:144,6,0,8
BRDA:144,6,1,0
BRF:14
BRH:10
end_of_record
TN:
SF:src\pages\login\styles.ts
FNF:0
FNH:0
DA:3,1
LF:1
LH:1
BRF:0
BRH:0
end_of_record
TN:
SF:src\redux\actions\authAction.ts
FN:8,(anonymous_0)
FN:13,(anonymous_1)
FN:18,(anonymous_2)
FN:23,(anonymous_3)
FN:27,(anonymous_4)
FNF:5
FNH:1
FNDA:1,(anonymous_0)
FNDA:0,(anonymous_1)
FNDA:0,(anonymous_2)
FNDA:0,(anonymous_3)
FNDA:0,(anonymous_4)
DA:3,1
DA:4,1
DA:5,1
DA:6,1
DA:8,1
DA:13,1
DA:18,1
DA:23,1
DA:27,1
LF:9
LH:9
BRF:0
BRH:0
end_of_record
TN:
SF:src\service\api.ts
FNF:0
FNH:0
DA:4,2
DA:6,2
LF:2
LH:2
BRDA:4,0,0,2
BRDA:4,0,1,2
BRF:2
BRH:2
end_of_record
TN:
SF:src\service\task\create-task.ts
FN:5,(anonymous_0)
FNF:1
FNH:0
FNDA:0,(anonymous_0)
DA:5,1
DA:6,0
DA:7,0
DA:8,0
DA:10,0
DA:11,0
DA:12,0
DA:13,0
DA:14,0
DA:15,0
DA:17,0
DA:18,0
LF:12
LH:1
BRDA:10,0,0,0
BRDA:10,0,1,0
BRDA:12,1,0,0
BRDA:12,1,1,0
BRDA:13,2,0,0
BRDA:13,2,1,0
BRF:6
BRH:0
end_of_record
TN:
SF:src\service\task\delete-task.ts
FN:3,(anonymous_0)
FNF:1
FNH:0
FNDA:0,(anonymous_0)
DA:3,1
DA:4,0
DA:5,0
DA:6,0
DA:8,0
DA:9,0
DA:10,0
DA:12,0
DA:13,0
LF:9
LH:1
BRDA:8,0,0,0
BRDA:8,0,1,0
BRF:2
BRH:0
end_of_record
TN:
SF:src\service\task\patch-finished-task.ts
FN:3,(anonymous_0)
FNF:1
FNH:0
FNDA:0,(anonymous_0)
DA:3,1
DA:4,0
DA:5,0
DA:8,0
DA:10,0
DA:11,0
DA:12,0
DA:13,0
DA:14,0
DA:15,0
DA:17,0
DA:18,0
LF:12
LH:1
BRDA:10,0,0,0
BRDA:10,0,1,0
BRDA:12,1,0,0
BRDA:12,1,1,0
BRDA:13,2,0,0
BRDA:13,2,1,0
BRF:6
BRH:0
end_of_record
TN:
SF:src\service\task\update-task.ts
FN:3,(anonymous_0)
FNF:1
FNH:0
FNDA:0,(anonymous_0)
DA:3,2
DA:4,0
DA:5,0
DA:6,0
DA:8,0
DA:9,0
DA:10,0
DA:11,0
DA:12,0
DA:13,0
DA:15,0
DA:16,0
LF:12
LH:1
BRDA:8,0,0,0
BRDA:8,0,1,0
BRDA:10,1,0,0
BRDA:10,1,1,0
BRDA:11,2,0,0
BRDA:11,2,1,0
BRF:6
BRH:0
end_of_record
TN:
SF:src\styles\container.ts
FNF:0
FNH:0
DA:3,2
LF:1
LH:1
BRF:0
BRH:0
end_of_record
TN:
SF:src\styles\inputForm.ts
FN:13,(anonymous_0)
FNF:1
FNH:1
FNDA:18,(anonymous_0)
DA:7,1
DA:13,18
LF:2
LH:2
BRDA:13,0,0,2
BRDA:13,0,1,16
BRF:2
BRH:2
end_of_record
TN:
SF:src\styles\mainContainer.ts
FNF:0
FNH:0
DA:3,3
LF:1
LH:1
BRF:0
BRH:0
end_of_record
